#
# There is insufficient memory for the Java Runtime Environment to continue.
# Native memory allocation (malloc) failed to allocate 1313776 bytes for Chunk::new
# Possible reasons:
#   The system is out of physical RAM or swap space
#   The process is running with CompressedOops enabled, and the Java Heap may be blocking the growth of the native heap
# Possible solutions:
#   Reduce memory load on the system
#   Increase physical memory or swap space
#   Check if swap backing store is full
#   Decrease Java heap size (-Xmx/-Xms)
#   Decrease number of Java threads
#   Decrease Java thread stack sizes (-Xss)
#   Set larger code cache with -XX:ReservedCodeCacheSize=
#   JVM is running with Unscaled Compressed Oops mode in which the Java heap is
#     placed in the first 4GB address space. The Java Heap base address is the
#     maximum limit for the native heap growth. Please use -XX:HeapBaseMinAddress
#     to set the Java Heap base and to place the Java Heap above 4GB virtual address.
# This output file may be truncated or incomplete.
#
#  Out of Memory Error (./src/hotspot/share/memory/arena.cpp:197), pid=3336, tid=5040
#
# JRE version: OpenJDK Runtime Environment (11.0.11+9) (build 11.0.11+9-b60-7590822)
# Java VM: OpenJDK 64-Bit Server VM (11.0.11+9-b60-7590822, mixed mode, tiered, compressed oops, g1 gc, windows-amd64)
# No core dump will be written. Minidumps are not enabled by default on client versions of Windows
#

---------------  S U M M A R Y ------------

Command Line: --add-opens=java.base/java.util=ALL-UNNAMED --add-opens=java.base/java.lang=ALL-UNNAMED --add-opens=java.base/java.lang.invoke=ALL-UNNAMED --add-opens=java.base/java.util=ALL-UNNAMED --add-opens=java.prefs/java.util.prefs=ALL-UNNAMED --add-opens=java.prefs/java.util.prefs=ALL-UNNAMED --add-opens=java.base/java.nio.charset=ALL-UNNAMED --add-opens=java.base/java.net=ALL-UNNAMED --add-opens=java.base/java.util.concurrent.atomic=ALL-UNNAMED -Xmx2048m -Dfile.encoding=UTF-8 -Duser.country=419 -Duser.language=es -Duser.variant org.gradle.launcher.daemon.bootstrap.GradleDaemon 7.2

Host: Intel(R) Pentium(R) CPU N4200 @ 1.10GHz, 4 cores, 3G,  Windows 10 , 64 bit Build 10586 (10.0.10586.0)
Time: Fri May  6 21:19:15 2022 Hora de verano central (México) elapsed time: 1221.728363 seconds (0d 0h 20m 21s)

---------------  T H R E A D  ---------------

Current thread (0x000002884a96e000):  JavaThread "C2 CompilerThread1" daemon [_thread_in_native, id=5040, stack(0x000000d71e600000,0x000000d71e700000)]


Current CompileTask:
C2:1221728 22507       4       org.gradle.api.internal.artifacts.ivyservice.resolveengine.result.ResolvedVariantResultSerializer::read (132 bytes)

Stack: [0x000000d71e600000,0x000000d71e700000]
Native frames: (J=compiled Java code, j=interpreted, Vv=VM code, C=native code)
V  [jvm.dll+0x5f214a]
V  [jvm.dll+0x726fb5]
V  [jvm.dll+0x7285cd]
V  [jvm.dll+0x728c83]
V  [jvm.dll+0x243278]
V  [jvm.dll+0xbc53c]
V  [jvm.dll+0xbca3c]
V  [jvm.dll+0x353e7d]
V  [jvm.dll+0x321893]
V  [jvm.dll+0x320d8a]
V  [jvm.dll+0x1fc1e2]
V  [jvm.dll+0x1fb3d4]
V  [jvm.dll+0x183d6c]
V  [jvm.dll+0x209a57]
V  [jvm.dll+0x2082a1]
V  [jvm.dll+0x6ef58f]
V  [jvm.dll+0x6e80b5]
V  [jvm.dll+0x5f1036]
C  [ucrtbase.dll+0x6be1d]
C  [KERNEL32.DLL+0x18102]
C  [ntdll.dll+0x5c264]


---------------  P R O C E S S  ---------------

Threads class SMR info:
_java_thread_list=0x000002884c56b900, length=83, elements={
0x0000028829a43000, 0x0000028843db6800, 0x0000028843db8000, 0x0000028843dd5000,
0x0000028843dd5800, 0x0000028843dd8800, 0x0000028843ddb800, 0x0000028843df3800,
0x0000028843df9000, 0x000002884488f000, 0x0000028847081800, 0x0000028845678800,
0x0000028845e63000, 0x000002884768d800, 0x0000028847691800, 0x0000028847694000,
0x000002884768e800, 0x0000028849f14000, 0x0000028849f14800, 0x0000028849f10800,
0x0000028849f17000, 0x0000028844a19000, 0x0000028844a1a000, 0x000002884a965000,
0x000002884a96e800, 0x000002884a969000, 0x000002884a96f800, 0x000002884a969800,
0x000002884756c000, 0x000002884768f000, 0x0000028847690000, 0x0000028847690800,
0x0000028847693000, 0x0000028847692800, 0x000002884755f000, 0x000002884755d800,
0x000002884755e000, 0x0000028847563000, 0x0000028847562800, 0x0000028847565800,
0x0000028847560800, 0x0000028847560000, 0x0000028847567000, 0x0000028847564800,
0x0000028847566800, 0x0000028847564000, 0x0000028847561800, 0x0000028847568000,
0x0000028847569800, 0x000002884756b800, 0x0000028847569000, 0x000002884756a800,
0x0000028844a12800, 0x0000028844a0d800, 0x0000028844a11000, 0x0000028844a10000,
0x0000028844a0f000, 0x0000028844a14000, 0x0000028844a0e800, 0x0000028844a17800,
0x0000028844a16800, 0x0000028844a15000, 0x0000028844a11800, 0x0000028844a18000,
0x0000028844a13800, 0x0000028844a1a800, 0x0000028844a1b800, 0x0000028844a1c800,
0x0000028849f18000, 0x0000028849f12800, 0x0000028849f19000, 0x0000028849f13000,
0x0000028849f1b000, 0x0000028849f1c000, 0x0000028849f1e800, 0x0000028849f1d000,
0x0000028849f19800, 0x0000028849f1d800, 0x0000028849f1a800, 0x000002884a96a800,
0x000002884a965800, 0x000002884a966800, 0x000002884a96e000
}

Java Threads: ( => current thread )
  0x0000028829a43000 JavaThread "main" [_thread_blocked, id=1720, stack(0x000000d70d000000,0x000000d70d100000)]
  0x0000028843db6800 JavaThread "Reference Handler" daemon [_thread_blocked, id=2280, stack(0x000000d70d700000,0x000000d70d800000)]
  0x0000028843db8000 JavaThread "Finalizer" daemon [_thread_blocked, id=5572, stack(0x000000d70d800000,0x000000d70d900000)]
  0x0000028843dd5000 JavaThread "Signal Dispatcher" daemon [_thread_blocked, id=5380, stack(0x000000d70d900000,0x000000d70da00000)]
  0x0000028843dd5800 JavaThread "Attach Listener" daemon [_thread_blocked, id=6728, stack(0x000000d70da00000,0x000000d70db00000)]
  0x0000028843dd8800 JavaThread "Service Thread" daemon [_thread_blocked, id=4144, stack(0x000000d70db00000,0x000000d70dc00000)]
  0x0000028843ddb800 JavaThread "C2 CompilerThread0" daemon [_thread_blocked, id=7692, stack(0x000000d70dc00000,0x000000d70dd00000)]
  0x0000028843df3800 JavaThread "C1 CompilerThread0" daemon [_thread_blocked, id=6748, stack(0x000000d70dd00000,0x000000d70de00000)]
  0x0000028843df9000 JavaThread "Sweeper thread" daemon [_thread_blocked, id=3252, stack(0x000000d70de00000,0x000000d70df00000)]
  0x000002884488f000 JavaThread "Common-Cleaner" daemon [_thread_blocked, id=3204, stack(0x000000d70df00000,0x000000d70e000000)]
  0x0000028847081800 JavaThread "Daemon health stats" [_thread_blocked, id=3408, stack(0x000000d70e400000,0x000000d70e500000)]
  0x0000028845678800 JavaThread "Incoming local TCP Connector on port 2845" [_thread_in_native, id=5032, stack(0x000000d70e500000,0x000000d70e600000)]
  0x0000028845e63000 JavaThread "Daemon periodic checks" [_thread_blocked, id=3696, stack(0x000000d70e600000,0x000000d70e700000)]
  0x000002884768d800 JavaThread "Cache worker for journal cache (D:\Alondra\AndroidStudioProjects\caches\journal-1)" [_thread_blocked, id=3800, stack(0x000000d70f000000,0x000000d70f100000)]
  0x0000028847691800 JavaThread "File lock request listener" [_thread_in_native, id=7060, stack(0x000000d70f100000,0x000000d70f200000)]
  0x0000028847694000 JavaThread "Cache worker for file hash cache (D:\Alondra\AndroidStudioProjects\caches\7.2\fileHashes)" [_thread_blocked, id=7848, stack(0x000000d70f200000,0x000000d70f300000)]
  0x000002884768e800 JavaThread "Cache worker for execution history cache (D:\Alondra\AndroidStudioProjects\caches\7.2\executionHistory)" [_thread_blocked, id=3236, stack(0x000000d70fb00000,0x000000d70fc00000)]
  0x0000028849f14000 JavaThread "jar transforms" [_thread_blocked, id=3136, stack(0x000000d70fd00000,0x000000d70fe00000)]
  0x0000028849f14800 JavaThread "Cache worker for file content cache (D:\Alondra\AndroidStudioProjects\caches\7.2\fileContent)" [_thread_blocked, id=1732, stack(0x000000d70fe00000,0x000000d70ff00000)]
  0x0000028849f10800 JavaThread "jar transforms Thread 2" [_thread_blocked, id=2276, stack(0x000000d70ff00000,0x000000d710000000)]
  0x0000028849f17000 JavaThread "jar transforms Thread 3" [_thread_blocked, id=376, stack(0x000000d710100000,0x000000d710200000)]
  0x0000028844a19000 JavaThread "jar transforms Thread 4" [_thread_blocked, id=6932, stack(0x000000d712d00000,0x000000d712e00000)]
  0x0000028844a1a000 JavaThread "Memory manager" [_thread_blocked, id=3000, stack(0x000000d713300000,0x000000d713400000)]
  0x000002884a965000 JavaThread "RMI Scheduler(0)" daemon [_thread_blocked, id=236, stack(0x000000d714300000,0x000000d714400000)]
  0x000002884a96e800 JavaThread "RMI GC Daemon" daemon [_thread_blocked, id=4124, stack(0x000000d715400000,0x000000d715500000)]
  0x000002884a969000 JavaThread "RMI TCP Accept-0" daemon [_thread_in_native, id=4168, stack(0x000000d715500000,0x000000d715600000)]
  0x000002884a96f800 JavaThread "RMI Reaper" [_thread_blocked, id=4628, stack(0x000000d715600000,0x000000d715700000)]
  0x000002884a969800 JavaThread "Cache worker for Java compile cache (D:\Alondra\AndroidStudioProjects\caches\7.2\javaCompile)" [_thread_blocked, id=2120, stack(0x000000d715800000,0x000000d715900000)]
  0x000002884756c000 JavaThread "ForkJoinPool.commonPool-worker-1" daemon [_thread_blocked, id=1232, stack(0x000000d71ae00000,0x000000d71af00000)]
  0x000002884768f000 JavaThread "Daemon Thread 3" [_thread_blocked, id=7144, stack(0x000000d71b100000,0x000000d71b200000)]
  0x0000028847690000 JavaThread "Handler for socket connection from /127.0.0.1:2845 to /127.0.0.1:3007" [_thread_in_native, id=4208, stack(0x000000d71b200000,0x000000d71b300000)]
  0x0000028847690800 JavaThread "Cancel handler" [_thread_blocked, id=316, stack(0x000000d71b300000,0x000000d71b400000)]
  0x0000028847693000 JavaThread "Daemon worker Thread 3" [_thread_in_native, id=1152, stack(0x000000d71b400000,0x000000d71b500000)]
  0x0000028847692800 JavaThread "Asynchronous log dispatcher for DefaultDaemonConnection: socket connection from /127.0.0.1:2845 to /127.0.0.1:3007" [_thread_blocked, id=7908, stack(0x000000d71b500000,0x000000d71b600000)]
  0x000002884755f000 JavaThread "Stdin handler" [_thread_blocked, id=7324, stack(0x000000d71b600000,0x000000d71b700000)]
  0x000002884755d800 JavaThread "Daemon client event forwarder" [_thread_blocked, id=7656, stack(0x000000d71b700000,0x000000d71b800000)]
  0x000002884755e000 JavaThread "Cache worker for file hash cache (D:\Alondra\ROOM\.gradle\7.2\fileHashes)" [_thread_blocked, id=2492, stack(0x000000d71b800000,0x000000d71b900000)]
  0x0000028847563000 JavaThread "Cache worker for checksums cache (D:\Alondra\ROOM\.gradle\checksums)" [_thread_blocked, id=7640, stack(0x000000d71b900000,0x000000d71ba00000)]
  0x0000028847562800 JavaThread "Cache worker for cache directory md-supplier (D:\Alondra\AndroidStudioProjects\caches\7.2\md-supplier)" [_thread_blocked, id=4992, stack(0x000000d71ba00000,0x000000d71bb00000)]
  0x0000028847565800 JavaThread "Cache worker for cache directory md-rule (D:\Alondra\AndroidStudioProjects\caches\7.2\md-rule)" [_thread_blocked, id=1620, stack(0x000000d71bb00000,0x000000d71bc00000)]
  0x0000028847560800 JavaThread "Cache worker for dependencies-accessors (D:\Alondra\ROOM\.gradle\7.2\dependencies-accessors)" [_thread_blocked, id=3396, stack(0x000000d71bc00000,0x000000d71bd00000)]
  0x0000028847560000 JavaThread "Cache worker for Build Output Cleanup Cache (D:\Alondra\ROOM\.gradle\buildOutputCleanup)" [_thread_blocked, id=5556, stack(0x000000d71bd00000,0x000000d71be00000)]
  0x0000028847567000 JavaThread "Unconstrained build operations" [_thread_blocked, id=4564, stack(0x000000d71be00000,0x000000d71bf00000)]
  0x0000028847564800 JavaThread "Unconstrained build operations Thread 2" [_thread_blocked, id=3056, stack(0x000000d71bf00000,0x000000d71c000000)]
  0x0000028847566800 JavaThread "Unconstrained build operations Thread 3" [_thread_blocked, id=6232, stack(0x000000d71c000000,0x000000d71c100000)]
  0x0000028847564000 JavaThread "Unconstrained build operations Thread 4" [_thread_blocked, id=5400, stack(0x000000d71c100000,0x000000d71c200000)]
  0x0000028847561800 JavaThread "Unconstrained build operations Thread 5" [_thread_blocked, id=4404, stack(0x000000d71c200000,0x000000d71c300000)]
  0x0000028847568000 JavaThread "Unconstrained build operations Thread 6" [_thread_blocked, id=3552, stack(0x000000d71c300000,0x000000d71c400000)]
  0x0000028847569800 JavaThread "Unconstrained build operations Thread 7" [_thread_blocked, id=1212, stack(0x000000d71c400000,0x000000d71c500000)]
  0x000002884756b800 JavaThread "Unconstrained build operations Thread 8" [_thread_blocked, id=5228, stack(0x000000d71c500000,0x000000d71c600000)]
  0x0000028847569000 JavaThread "Unconstrained build operations Thread 9" [_thread_blocked, id=2704, stack(0x000000d71c600000,0x000000d71c700000)]
  0x000002884756a800 JavaThread "Unconstrained build operations Thread 10" [_thread_blocked, id=5764, stack(0x000000d71c700000,0x000000d71c800000)]
  0x0000028844a12800 JavaThread "Unconstrained build operations Thread 11" [_thread_blocked, id=6212, stack(0x000000d71c800000,0x000000d71c900000)]
  0x0000028844a0d800 JavaThread "Unconstrained build operations Thread 12" [_thread_blocked, id=5096, stack(0x000000d71c900000,0x000000d71ca00000)]
  0x0000028844a11000 JavaThread "Unconstrained build operations Thread 13" [_thread_blocked, id=6444, stack(0x000000d71ca00000,0x000000d71cb00000)]
  0x0000028844a10000 JavaThread "Unconstrained build operations Thread 14" [_thread_blocked, id=4380, stack(0x000000d71cb00000,0x000000d71cc00000)]
  0x0000028844a0f000 JavaThread "Unconstrained build operations Thread 15" [_thread_blocked, id=5072, stack(0x000000d71cc00000,0x000000d71cd00000)]
  0x0000028844a14000 JavaThread "Unconstrained build operations Thread 16" [_thread_blocked, id=5628, stack(0x000000d71cd00000,0x000000d71ce00000)]
  0x0000028844a0e800 JavaThread "Unconstrained build operations Thread 17" [_thread_blocked, id=228, stack(0x000000d71ce00000,0x000000d71cf00000)]
  0x0000028844a17800 JavaThread "Unconstrained build operations Thread 18" [_thread_blocked, id=5184, stack(0x000000d71cf00000,0x000000d71d000000)]
  0x0000028844a16800 JavaThread "Unconstrained build operations Thread 19" [_thread_blocked, id=2268, stack(0x000000d71d000000,0x000000d71d100000)]
  0x0000028844a15000 JavaThread "Unconstrained build operations Thread 20" [_thread_blocked, id=3404, stack(0x000000d71d100000,0x000000d71d200000)]
  0x0000028844a11800 JavaThread "Unconstrained build operations Thread 21" [_thread_blocked, id=4904, stack(0x000000d71d200000,0x000000d71d300000)]
  0x0000028844a18000 JavaThread "Unconstrained build operations Thread 22" [_thread_blocked, id=2028, stack(0x000000d71d300000,0x000000d71d400000)]
  0x0000028844a13800 JavaThread "Unconstrained build operations Thread 23" [_thread_blocked, id=4008, stack(0x000000d71d400000,0x000000d71d500000)]
  0x0000028844a1a800 JavaThread "Unconstrained build operations Thread 24" [_thread_blocked, id=6404, stack(0x000000d71d500000,0x000000d71d600000)]
  0x0000028844a1b800 JavaThread "Unconstrained build operations Thread 25" [_thread_blocked, id=4264, stack(0x000000d71d600000,0x000000d71d700000)]
  0x0000028844a1c800 JavaThread "Unconstrained build operations Thread 26" [_thread_blocked, id=2352, stack(0x000000d71d700000,0x000000d71d800000)]
  0x0000028849f18000 JavaThread "Unconstrained build operations Thread 27" [_thread_blocked, id=356, stack(0x000000d71d800000,0x000000d71d900000)]
  0x0000028849f12800 JavaThread "Unconstrained build operations Thread 28" [_thread_blocked, id=3228, stack(0x000000d71d900000,0x000000d71da00000)]
  0x0000028849f19000 JavaThread "Unconstrained build operations Thread 29" [_thread_blocked, id=5964, stack(0x000000d71da00000,0x000000d71db00000)]
  0x0000028849f13000 JavaThread "Unconstrained build operations Thread 30" [_thread_blocked, id=1236, stack(0x000000d71db00000,0x000000d71dc00000)]
  0x0000028849f1b000 JavaThread "Unconstrained build operations Thread 31" [_thread_blocked, id=8064, stack(0x000000d71dc00000,0x000000d71dd00000)]
  0x0000028849f1c000 JavaThread "Unconstrained build operations Thread 32" [_thread_blocked, id=7620, stack(0x000000d71dd00000,0x000000d71de00000)]
  0x0000028849f1e800 JavaThread "Unconstrained build operations Thread 33" [_thread_blocked, id=212, stack(0x000000d71de00000,0x000000d71df00000)]
  0x0000028849f1d000 JavaThread "Unconstrained build operations Thread 34" [_thread_blocked, id=5068, stack(0x000000d71df00000,0x000000d71e000000)]
  0x0000028849f19800 JavaThread "Unconstrained build operations Thread 35" [_thread_blocked, id=1228, stack(0x000000d71e000000,0x000000d71e100000)]
  0x0000028849f1d800 JavaThread "Unconstrained build operations Thread 36" [_thread_blocked, id=7644, stack(0x000000d71e100000,0x000000d71e200000)]
  0x0000028849f1a800 JavaThread "Unconstrained build operations Thread 37" [_thread_blocked, id=4996, stack(0x000000d71e200000,0x000000d71e300000)]
  0x000002884a96a800 JavaThread "Unconstrained build operations Thread 38" [_thread_blocked, id=5064, stack(0x000000d71e300000,0x000000d71e400000)]
  0x000002884a965800 JavaThread "Unconstrained build operations Thread 39" [_thread_blocked, id=6440, stack(0x000000d71e400000,0x000000d71e500000)]
  0x000002884a966800 JavaThread "Unconstrained build operations Thread 40" [_thread_blocked, id=3428, stack(0x000000d71e500000,0x000000d71e600000)]
=>0x000002884a96e000 JavaThread "C2 CompilerThread1" daemon [_thread_in_native, id=5040, stack(0x000000d71e600000,0x000000d71e700000)]

Other Threads:
  0x0000028843db2000 VMThread "VM Thread" [stack: 0x000000d70d600000,0x000000d70d700000] [id=6996]
  0x000002884489e000 WatcherThread [stack: 0x000000d70e000000,0x000000d70e100000] [id=2516]
  0x0000028829a5b800 GCTaskThread "GC Thread#0" [stack: 0x000000d70d100000,0x000000d70d200000] [id=1556]
  0x0000028844b92000 GCTaskThread "GC Thread#1" [stack: 0x000000d70e200000,0x000000d70e300000] [id=7716]
  0x0000028845c9e800 GCTaskThread "GC Thread#2" [stack: 0x000000d70ee00000,0x000000d70ef00000] [id=8044]
  0x0000028847ae6000 GCTaskThread "GC Thread#3" [stack: 0x000000d70ef00000,0x000000d70f000000] [id=7788]
  0x0000028829a8d800 ConcurrentGCThread "G1 Main Marker" [stack: 0x000000d70d200000,0x000000d70d300000] [id=4664]
  0x0000028829a8e800 ConcurrentGCThread "G1 Conc#0" [stack: 0x000000d70d300000,0x000000d70d400000] [id=7300]
  0x0000028829b27000 ConcurrentGCThread "G1 Refine#0" [stack: 0x000000d70d400000,0x000000d70d500000] [id=6480]
  0x0000028829b28000 ConcurrentGCThread "G1 Young RemSet Sampling" [stack: 0x000000d70d500000,0x000000d70d600000] [id=6000]

Threads with active compile tasks:
C2 CompilerThread11222010 22507       4       org.gradle.api.internal.artifacts.ivyservice.resolveengine.result.ResolvedVariantResultSerializer::read (132 bytes)

VM state:not at safepoint (normal execution)

VM Mutex/Monitor currently owned by a thread: None

Heap address: 0x0000000080000000, size: 2048 MB, Compressed Oops mode: 32-bit
Narrow klass base: 0x0000000000000000, Narrow klass shift: 3
Compressed class space size: 1073741824 Address: 0x0000000100000000

Heap:
 garbage-first heap   total 278528K, used 201716K [0x0000000080000000, 0x0000000100000000)
  region size 1024K, 65 young (66560K), 1 survivors (1024K)
 Metaspace       used 139063K, capacity 142725K, committed 142896K, reserved 1173504K
  class space    used 17329K, capacity 18758K, committed 18816K, reserved 1048576K
Heap Regions: E=young(eden), S=young(survivor), O=old, HS=humongous(starts), HC=humongous(continues), CS=collection set, F=free, A=archive, TAMS=top-at-mark-start (previous, next)
|   0|0x0000000080000000, 0x0000000080100000, 0x0000000080100000|100%| O|  |TAMS 0x0000000080100000, 0x0000000080000000| Untracked 
|   1|0x0000000080100000, 0x0000000080200000, 0x0000000080200000|100%| O|  |TAMS 0x0000000080200000, 0x0000000080100000| Untracked 
|   2|0x0000000080200000, 0x0000000080300000, 0x0000000080300000|100%| O|  |TAMS 0x0000000080300000, 0x0000000080200000| Complete 
|   3|0x0000000080300000, 0x0000000080400000, 0x0000000080400000|100%|HS|  |TAMS 0x0000000080400000, 0x0000000080300000| Complete 
|   4|0x0000000080400000, 0x0000000080500000, 0x0000000080500000|100%|HC|  |TAMS 0x0000000080500000, 0x0000000080400000| Complete 
|   5|0x0000000080500000, 0x0000000080600000, 0x0000000080600000|100%|HC|  |TAMS 0x0000000080600000, 0x0000000080500000| Complete 
|   6|0x0000000080600000, 0x0000000080700000, 0x0000000080700000|100%| O|  |TAMS 0x0000000080700000, 0x0000000080600000| Untracked 
|   7|0x0000000080700000, 0x0000000080800000, 0x0000000080800000|100%| O|  |TAMS 0x0000000080800000, 0x0000000080700000| Untracked 
|   8|0x0000000080800000, 0x0000000080900000, 0x0000000080900000|100%| O|  |TAMS 0x0000000080900000, 0x0000000080800000| Complete 
|   9|0x0000000080900000, 0x0000000080a00000, 0x0000000080a00000|100%| O|  |TAMS 0x0000000080a00000, 0x0000000080900000| Complete 
|  10|0x0000000080a00000, 0x0000000080b00000, 0x0000000080b00000|100%| O|  |TAMS 0x0000000080b00000, 0x0000000080a00000| Untracked 
|  11|0x0000000080b00000, 0x0000000080c00000, 0x0000000080c00000|100%| O|  |TAMS 0x0000000080c00000, 0x0000000080b00000| Untracked 
|  12|0x0000000080c00000, 0x0000000080d00000, 0x0000000080d00000|100%| O|  |TAMS 0x0000000080d00000, 0x0000000080c00000| Untracked 
|  13|0x0000000080d00000, 0x0000000080e00000, 0x0000000080e00000|100%| O|  |TAMS 0x0000000080e00000, 0x0000000080d00000| Untracked 
|  14|0x0000000080e00000, 0x0000000080f00000, 0x0000000080f00000|100%| O|  |TAMS 0x0000000080f00000, 0x0000000080e00000| Untracked 
|  15|0x0000000080f00000, 0x0000000081000000, 0x0000000081000000|100%| O|  |TAMS 0x0000000081000000, 0x0000000080f00000| Complete 
|  16|0x0000000081000000, 0x0000000081100000, 0x0000000081100000|100%| O|  |TAMS 0x0000000081100000, 0x0000000081000000| Untracked 
|  17|0x0000000081100000, 0x0000000081200000, 0x0000000081200000|100%| O|  |TAMS 0x0000000081200000, 0x0000000081100000| Complete 
|  18|0x0000000081200000, 0x0000000081300000, 0x0000000081300000|100%| O|  |TAMS 0x0000000081300000, 0x0000000081200000| Complete 
|  19|0x0000000081300000, 0x0000000081400000, 0x0000000081400000|100%| O|  |TAMS 0x0000000081400000, 0x0000000081300000| Untracked 
|  20|0x0000000081400000, 0x0000000081500000, 0x0000000081500000|100%| O|  |TAMS 0x0000000081500000, 0x0000000081400000| Untracked 
|  21|0x0000000081500000, 0x0000000081600000, 0x0000000081600000|100%| O|  |TAMS 0x0000000081600000, 0x0000000081500000| Untracked 
|  22|0x0000000081600000, 0x0000000081700000, 0x0000000081700000|100%| O|  |TAMS 0x0000000081700000, 0x0000000081600000| Complete 
|  23|0x0000000081700000, 0x0000000081800000, 0x0000000081800000|100%| O|  |TAMS 0x0000000081800000, 0x0000000081700000| Untracked 
|  24|0x0000000081800000, 0x0000000081900000, 0x0000000081900000|100%| O|  |TAMS 0x0000000081900000, 0x0000000081800000| Untracked 
|  25|0x0000000081900000, 0x0000000081a00000, 0x0000000081a00000|100%| O|  |TAMS 0x0000000081a00000, 0x0000000081900000| Untracked 
|  26|0x0000000081a00000, 0x0000000081b00000, 0x0000000081b00000|100%| O|  |TAMS 0x0000000081b00000, 0x0000000081a00000| Complete 
|  27|0x0000000081b00000, 0x0000000081c00000, 0x0000000081c00000|100%| O|  |TAMS 0x0000000081c00000, 0x0000000081b00000| Untracked 
|  28|0x0000000081c00000, 0x0000000081d00000, 0x0000000081d00000|100%| O|  |TAMS 0x0000000081d00000, 0x0000000081c00000| Complete 
|  29|0x0000000081d00000, 0x0000000081e00000, 0x0000000081e00000|100%| O|  |TAMS 0x0000000081e00000, 0x0000000081d00000| Complete 
|  30|0x0000000081e00000, 0x0000000081f00000, 0x0000000081f00000|100%| O|  |TAMS 0x0000000081f00000, 0x0000000081e00000| Complete 
|  31|0x0000000081f00000, 0x0000000082000000, 0x0000000082000000|100%| O|  |TAMS 0x0000000082000000, 0x0000000081f00000| Complete 
|  32|0x0000000082000000, 0x0000000082100000, 0x0000000082100000|100%|HS|  |TAMS 0x0000000082100000, 0x0000000082000000| Complete 
|  33|0x0000000082100000, 0x0000000082200000, 0x0000000082200000|100%|HS|  |TAMS 0x0000000082200000, 0x0000000082100000| Complete 
|  34|0x0000000082200000, 0x0000000082300000, 0x0000000082300000|100%|HS|  |TAMS 0x0000000082300000, 0x0000000082200000| Complete 
|  35|0x0000000082300000, 0x0000000082400000, 0x0000000082400000|100%|HS|  |TAMS 0x0000000082400000, 0x0000000082300000| Complete 
|  36|0x0000000082400000, 0x0000000082500000, 0x0000000082500000|100%| O|  |TAMS 0x0000000082500000, 0x0000000082400000| Untracked 
|  37|0x0000000082500000, 0x0000000082600000, 0x0000000082600000|100%|HS|  |TAMS 0x0000000082600000, 0x0000000082500000| Complete 
|  38|0x0000000082600000, 0x0000000082700000, 0x0000000082700000|100%|HC|  |TAMS 0x0000000082700000, 0x0000000082600000| Complete 
|  39|0x0000000082700000, 0x0000000082800000, 0x0000000082800000|100%|HC|  |TAMS 0x0000000082800000, 0x0000000082700000| Complete 
|  40|0x0000000082800000, 0x0000000082900000, 0x0000000082900000|100%| O|  |TAMS 0x0000000082900000, 0x0000000082800000| Untracked 
|  41|0x0000000082900000, 0x0000000082a00000, 0x0000000082a00000|100%| O|  |TAMS 0x0000000082a00000, 0x0000000082900000| Untracked 
|  42|0x0000000082a00000, 0x0000000082b00000, 0x0000000082b00000|100%| O|  |TAMS 0x0000000082b00000, 0x0000000082a00000| Untracked 
|  43|0x0000000082b00000, 0x0000000082c00000, 0x0000000082c00000|100%|HS|  |TAMS 0x0000000082c00000, 0x0000000082b00000| Complete 
|  44|0x0000000082c00000, 0x0000000082d00000, 0x0000000082d00000|100%|HC|  |TAMS 0x0000000082d00000, 0x0000000082c00000| Complete 
|  45|0x0000000082d00000, 0x0000000082d00000, 0x0000000082e00000|  0%| F|  |TAMS 0x0000000082d00000, 0x0000000082d00000| Untracked 
|  46|0x0000000082e00000, 0x0000000082f00000, 0x0000000082f00000|100%| O|  |TAMS 0x0000000082f00000, 0x0000000082e00000| Untracked 
|  47|0x0000000082f00000, 0x0000000083000000, 0x0000000083000000|100%| O|  |TAMS 0x0000000083000000, 0x0000000082f00000| Untracked 
|  48|0x0000000083000000, 0x0000000083100000, 0x0000000083100000|100%| O|  |TAMS 0x0000000083100000, 0x0000000083000000| Untracked 
|  49|0x0000000083100000, 0x0000000083200000, 0x0000000083200000|100%| O|  |TAMS 0x0000000083200000, 0x0000000083100000| Complete 
|  50|0x0000000083200000, 0x0000000083300000, 0x0000000083300000|100%| O|  |TAMS 0x0000000083300000, 0x0000000083200000| Untracked 
|  51|0x0000000083300000, 0x0000000083400000, 0x0000000083400000|100%| O|  |TAMS 0x0000000083400000, 0x0000000083300000| Untracked 
|  52|0x0000000083400000, 0x0000000083500000, 0x0000000083500000|100%| O|  |TAMS 0x0000000083500000, 0x0000000083400000| Untracked 
|  53|0x0000000083500000, 0x0000000083600000, 0x0000000083600000|100%| O|  |TAMS 0x0000000083600000, 0x0000000083500000| Untracked 
|  54|0x0000000083600000, 0x0000000083700000, 0x0000000083700000|100%| O|  |TAMS 0x0000000083700000, 0x0000000083600000| Untracked 
|  55|0x0000000083700000, 0x0000000083800000, 0x0000000083800000|100%| O|  |TAMS 0x0000000083800000, 0x0000000083700000| Complete 
|  56|0x0000000083800000, 0x0000000083900000, 0x0000000083900000|100%| O|  |TAMS 0x0000000083900000, 0x0000000083800000| Complete 
|  57|0x0000000083900000, 0x0000000083a00000, 0x0000000083a00000|100%| O|  |TAMS 0x0000000083a00000, 0x0000000083900000| Complete 
|  58|0x0000000083a00000, 0x0000000083b00000, 0x0000000083b00000|100%| O|  |TAMS 0x0000000083b00000, 0x0000000083a00000| Untracked 
|  59|0x0000000083b00000, 0x0000000083c00000, 0x0000000083c00000|100%| O|  |TAMS 0x0000000083c00000, 0x0000000083b00000| Untracked 
|  60|0x0000000083c00000, 0x0000000083d00000, 0x0000000083d00000|100%| O|  |TAMS 0x0000000083d00000, 0x0000000083c00000| Untracked 
|  61|0x0000000083d00000, 0x0000000083e00000, 0x0000000083e00000|100%| O|  |TAMS 0x0000000083e00000, 0x0000000083d00000| Complete 
|  62|0x0000000083e00000, 0x0000000083f00000, 0x0000000083f00000|100%| O|  |TAMS 0x0000000083f00000, 0x0000000083e00000| Complete 
|  63|0x0000000083f00000, 0x0000000084000000, 0x0000000084000000|100%| O|  |TAMS 0x0000000084000000, 0x0000000083f00000| Complete 
|  64|0x0000000084000000, 0x0000000084000000, 0x0000000084100000|  0%| F|  |TAMS 0x0000000084000000, 0x0000000084000000| Untracked 
|  65|0x0000000084100000, 0x0000000084200000, 0x0000000084200000|100%| O|  |TAMS 0x0000000084200000, 0x0000000084100000| Untracked 
|  66|0x0000000084200000, 0x0000000084300000, 0x0000000084300000|100%| O|  |TAMS 0x0000000084300000, 0x0000000084200000| Complete 
|  67|0x0000000084300000, 0x0000000084400000, 0x0000000084400000|100%| O|  |TAMS 0x0000000084400000, 0x0000000084300000| Complete 
|  68|0x0000000084400000, 0x0000000084500000, 0x0000000084500000|100%|HS|  |TAMS 0x0000000084400000, 0x0000000084400000| Complete 
|  69|0x0000000084500000, 0x0000000084600000, 0x0000000084600000|100%|HC|  |TAMS 0x0000000084500000, 0x0000000084500000| Complete 
|  70|0x0000000084600000, 0x0000000084700000, 0x0000000084700000|100%| O|  |TAMS 0x0000000084700000, 0x0000000084600000| Complete 
|  71|0x0000000084700000, 0x0000000084800000, 0x0000000084800000|100%| O|  |TAMS 0x0000000084800000, 0x0000000084700000| Complete 
|  72|0x0000000084800000, 0x0000000084900000, 0x0000000084900000|100%| O|  |TAMS 0x0000000084900000, 0x0000000084800000| Complete 
|  73|0x0000000084900000, 0x0000000084a00000, 0x0000000084a00000|100%| O|  |TAMS 0x0000000084a00000, 0x0000000084900000| Complete 
|  74|0x0000000084a00000, 0x0000000084b00000, 0x0000000084b00000|100%| O|  |TAMS 0x0000000084b00000, 0x0000000084a00000| Untracked 
|  75|0x0000000084b00000, 0x0000000084c00000, 0x0000000084c00000|100%| O|  |TAMS 0x0000000084c00000, 0x0000000084b00000| Untracked 
|  76|0x0000000084c00000, 0x0000000084d00000, 0x0000000084d00000|100%| O|  |TAMS 0x0000000084d00000, 0x0000000084c00000| Untracked 
|  77|0x0000000084d00000, 0x0000000084e00000, 0x0000000084e00000|100%| O|  |TAMS 0x0000000084e00000, 0x0000000084d00000| Complete 
|  78|0x0000000084e00000, 0x0000000084f00000, 0x0000000084f00000|100%| O|  |TAMS 0x0000000084f00000, 0x0000000084e00000| Untracked 
|  79|0x0000000084f00000, 0x0000000085000000, 0x0000000085000000|100%| O|  |TAMS 0x0000000085000000, 0x0000000084f00000| Complete 
|  80|0x0000000085000000, 0x0000000085100000, 0x0000000085100000|100%| O|  |TAMS 0x0000000085100000, 0x0000000085000000| Complete 
|  81|0x0000000085100000, 0x0000000085200000, 0x0000000085200000|100%| O|  |TAMS 0x0000000085200000, 0x0000000085100000| Complete 
|  82|0x0000000085200000, 0x0000000085300000, 0x0000000085300000|100%| O|  |TAMS 0x0000000085300000, 0x0000000085200000| Untracked 
|  83|0x0000000085300000, 0x0000000085400000, 0x0000000085400000|100%| O|  |TAMS 0x0000000085400000, 0x0000000085300000| Untracked 
|  84|0x0000000085400000, 0x0000000085500000, 0x0000000085500000|100%| O|  |TAMS 0x0000000085500000, 0x0000000085400000| Complete 
|  85|0x0000000085500000, 0x0000000085600000, 0x0000000085600000|100%| O|  |TAMS 0x0000000085600000, 0x0000000085500000| Untracked 
|  86|0x0000000085600000, 0x0000000085700000, 0x0000000085700000|100%| O|  |TAMS 0x0000000085700000, 0x0000000085600000| Complete 
|  87|0x0000000085700000, 0x0000000085800000, 0x0000000085800000|100%|HS|  |TAMS 0x0000000085700000, 0x0000000085700000| Complete 
|  88|0x0000000085800000, 0x0000000085900000, 0x0000000085900000|100%|HC|  |TAMS 0x0000000085800000, 0x0000000085800000| Complete 
|  89|0x0000000085900000, 0x0000000085900000, 0x0000000085a00000|  0%| F|  |TAMS 0x0000000085900000, 0x0000000085900000| Untracked 
|  90|0x0000000085a00000, 0x0000000085b00000, 0x0000000085b00000|100%| O|  |TAMS 0x0000000085b00000, 0x0000000085a00000| Untracked 
|  91|0x0000000085b00000, 0x0000000085c00000, 0x0000000085c00000|100%| O|  |TAMS 0x0000000085c00000, 0x0000000085b00000| Untracked 
|  92|0x0000000085c00000, 0x0000000085d00000, 0x0000000085d00000|100%|HS|  |TAMS 0x0000000085d00000, 0x0000000085c00000| Complete 
|  93|0x0000000085d00000, 0x0000000085e00000, 0x0000000085e00000|100%|HC|  |TAMS 0x0000000085e00000, 0x0000000085d00000| Complete 
|  94|0x0000000085e00000, 0x0000000085f00000, 0x0000000085f00000|100%|HC|  |TAMS 0x0000000085f00000, 0x0000000085e00000| Complete 
|  95|0x0000000085f00000, 0x0000000085f00000, 0x0000000086000000|  0%| F|  |TAMS 0x0000000085f00000, 0x0000000085f00000| Untracked 
|  96|0x0000000086000000, 0x0000000086100000, 0x0000000086100000|100%| O|  |TAMS 0x0000000086100000, 0x0000000086000000| Complete 
|  97|0x0000000086100000, 0x0000000086200000, 0x0000000086200000|100%|HS|  |TAMS 0x0000000086100000, 0x0000000086100000| Complete 
|  98|0x0000000086200000, 0x0000000086300000, 0x0000000086300000|100%|HC|  |TAMS 0x0000000086200000, 0x0000000086200000| Complete 
|  99|0x0000000086300000, 0x0000000086400000, 0x0000000086400000|100%|HS|  |TAMS 0x0000000086300000, 0x0000000086300000| Complete 
| 100|0x0000000086400000, 0x0000000086500000, 0x0000000086500000|100%|HC|  |TAMS 0x0000000086400000, 0x0000000086400000| Complete 
| 101|0x0000000086500000, 0x0000000086600000, 0x0000000086600000|100%| O|  |TAMS 0x0000000086600000, 0x0000000086500000| Untracked 
| 102|0x0000000086600000, 0x0000000086700000, 0x0000000086700000|100%| O|  |TAMS 0x0000000086700000, 0x0000000086600000| Untracked 
| 103|0x0000000086700000, 0x0000000086700000, 0x0000000086800000|  0%| F|  |TAMS 0x0000000086700000, 0x0000000086700000| Untracked 
| 104|0x0000000086800000, 0x0000000086900000, 0x0000000086900000|100%| O|  |TAMS 0x0000000086900000, 0x0000000086800000| Untracked 
| 105|0x0000000086900000, 0x0000000086a00000, 0x0000000086a00000|100%| O|  |TAMS 0x0000000086a00000, 0x0000000086900000| Complete 
| 106|0x0000000086a00000, 0x0000000086b00000, 0x0000000086b00000|100%| O|  |TAMS 0x0000000086b00000, 0x0000000086a00000| Untracked 
| 107|0x0000000086b00000, 0x0000000086b00000, 0x0000000086c00000|  0%| F|  |TAMS 0x0000000086b00000, 0x0000000086b00000| Untracked 
| 108|0x0000000086c00000, 0x0000000086d00000, 0x0000000086d00000|100%| O|  |TAMS 0x0000000086d00000, 0x0000000086c00000| Untracked 
| 109|0x0000000086d00000, 0x0000000086e00000, 0x0000000086e00000|100%| O|  |TAMS 0x0000000086e00000, 0x0000000086d00000| Untracked 
| 110|0x0000000086e00000, 0x0000000086f00000, 0x0000000086f00000|100%| O|  |TAMS 0x0000000086f00000, 0x0000000086e00000| Complete 
| 111|0x0000000086f00000, 0x0000000087000000, 0x0000000087000000|100%| O|  |TAMS 0x0000000087000000, 0x0000000086f00000| Untracked 
| 112|0x0000000087000000, 0x0000000087100000, 0x0000000087100000|100%| O|  |TAMS 0x0000000087100000, 0x0000000087000000| Untracked 
| 113|0x0000000087100000, 0x0000000087200000, 0x0000000087200000|100%| O|  |TAMS 0x0000000087200000, 0x0000000087100000| Complete 
| 114|0x0000000087200000, 0x0000000087300000, 0x0000000087300000|100%| O|  |TAMS 0x0000000087300000, 0x0000000087200000| Complete 
| 115|0x0000000087300000, 0x0000000087400000, 0x0000000087400000|100%|HS|  |TAMS 0x0000000087400000, 0x0000000087300000| Complete 
| 116|0x0000000087400000, 0x0000000087500000, 0x0000000087500000|100%| O|  |TAMS 0x0000000087500000, 0x0000000087400000| Complete 
| 117|0x0000000087500000, 0x0000000087600000, 0x0000000087600000|100%|HS|  |TAMS 0x0000000087500000, 0x0000000087500000| Complete 
| 118|0x0000000087600000, 0x0000000087700000, 0x0000000087700000|100%|HC|  |TAMS 0x0000000087600000, 0x0000000087600000| Complete 
| 119|0x0000000087700000, 0x0000000087800000, 0x0000000087800000|100%| O|  |TAMS 0x0000000087800000, 0x0000000087700000| Untracked 
| 120|0x0000000087800000, 0x0000000087900000, 0x0000000087900000|100%| O|  |TAMS 0x0000000087900000, 0x0000000087800000| Untracked 
| 121|0x0000000087900000, 0x0000000087900000, 0x0000000087a00000|  0%| F|  |TAMS 0x0000000087900000, 0x0000000087900000| Untracked 
| 122|0x0000000087a00000, 0x0000000087b00000, 0x0000000087b00000|100%| O|  |TAMS 0x0000000087b00000, 0x0000000087a00000| Untracked 
| 123|0x0000000087b00000, 0x0000000087c00000, 0x0000000087c00000|100%| O|  |TAMS 0x0000000087c00000, 0x0000000087b00000| Untracked 
| 124|0x0000000087c00000, 0x0000000087d00000, 0x0000000087d00000|100%| O|  |TAMS 0x0000000087d00000, 0x0000000087c00000| Complete 
| 125|0x0000000087d00000, 0x0000000087e00000, 0x0000000087e00000|100%| O|  |TAMS 0x0000000087e00000, 0x0000000087d00000| Complete 
| 126|0x0000000087e00000, 0x0000000087f00000, 0x0000000087f00000|100%| O|  |TAMS 0x0000000087f00000, 0x0000000087e00000| Complete 
| 127|0x0000000087f00000, 0x0000000088000000, 0x0000000088000000|100%| O|  |TAMS 0x0000000088000000, 0x0000000087f00000| Complete 
| 128|0x0000000088000000, 0x0000000088000000, 0x0000000088100000|  0%| F|  |TAMS 0x0000000088000000, 0x0000000088000000| Untracked 
| 129|0x0000000088100000, 0x0000000088200000, 0x0000000088200000|100%| O|  |TAMS 0x0000000088200000, 0x0000000088100000| Untracked 
| 130|0x0000000088200000, 0x0000000088300000, 0x0000000088300000|100%| O|  |TAMS 0x0000000088300000, 0x0000000088200000| Complete 
| 131|0x0000000088300000, 0x0000000088400000, 0x0000000088400000|100%| O|  |TAMS 0x0000000088400000, 0x0000000088300000| Untracked 
| 132|0x0000000088400000, 0x0000000088500000, 0x0000000088500000|100%| O|  |TAMS 0x0000000088500000, 0x0000000088400000| Untracked 
| 133|0x0000000088500000, 0x0000000088500000, 0x0000000088600000|  0%| F|  |TAMS 0x0000000088500000, 0x0000000088500000| Untracked 
| 134|0x0000000088600000, 0x0000000088700000, 0x0000000088700000|100%| O|  |TAMS 0x0000000088700000, 0x0000000088600000| Complete 
| 135|0x0000000088700000, 0x0000000088800000, 0x0000000088800000|100%| O|  |TAMS 0x0000000088800000, 0x0000000088700000| Untracked 
| 136|0x0000000088800000, 0x0000000088900000, 0x0000000088900000|100%| O|  |TAMS 0x0000000088900000, 0x0000000088800000| Untracked 
| 137|0x0000000088900000, 0x0000000088a00000, 0x0000000088a00000|100%| O|  |TAMS 0x0000000088a00000, 0x0000000088900000| Untracked 
| 138|0x0000000088a00000, 0x0000000088b00000, 0x0000000088b00000|100%| O|  |TAMS 0x0000000088b00000, 0x0000000088a00000| Untracked 
| 139|0x0000000088b00000, 0x0000000088c00000, 0x0000000088c00000|100%| O|  |TAMS 0x0000000088c00000, 0x0000000088b00000| Untracked 
| 140|0x0000000088c00000, 0x0000000088c1be00, 0x0000000088d00000| 10%| O|  |TAMS 0x0000000088c1be00, 0x0000000088c00000| Untracked 
| 141|0x0000000088d00000, 0x0000000088e00000, 0x0000000088e00000|100%|HS|  |TAMS 0x0000000088d00000, 0x0000000088d00000| Complete 
| 142|0x0000000088e00000, 0x0000000088f00000, 0x0000000088f00000|100%|HC|  |TAMS 0x0000000088e00000, 0x0000000088e00000| Complete 
| 143|0x0000000088f00000, 0x0000000088f00000, 0x0000000089000000|  0%| F|  |TAMS 0x0000000088f00000, 0x0000000088f00000| Untracked 
| 144|0x0000000089000000, 0x0000000089000000, 0x0000000089100000|  0%| F|  |TAMS 0x0000000089000000, 0x0000000089000000| Untracked 
| 145|0x0000000089100000, 0x0000000089100000, 0x0000000089200000|  0%| F|  |TAMS 0x0000000089100000, 0x0000000089100000| Untracked 
| 146|0x0000000089200000, 0x0000000089200000, 0x0000000089300000|  0%| F|  |TAMS 0x0000000089200000, 0x0000000089200000| Untracked 
| 147|0x0000000089300000, 0x0000000089300000, 0x0000000089400000|  0%| F|  |TAMS 0x0000000089300000, 0x0000000089300000| Untracked 
| 148|0x0000000089400000, 0x0000000089400000, 0x0000000089500000|  0%| F|  |TAMS 0x0000000089400000, 0x0000000089400000| Untracked 
| 149|0x0000000089500000, 0x0000000089500000, 0x0000000089600000|  0%| F|  |TAMS 0x0000000089500000, 0x0000000089500000| Untracked 
| 150|0x0000000089600000, 0x0000000089600000, 0x0000000089700000|  0%| F|  |TAMS 0x0000000089600000, 0x0000000089600000| Untracked 
| 151|0x0000000089700000, 0x0000000089700000, 0x0000000089800000|  0%| F|  |TAMS 0x0000000089700000, 0x0000000089700000| Untracked 
| 152|0x0000000089800000, 0x0000000089800000, 0x0000000089900000|  0%| F|  |TAMS 0x0000000089800000, 0x0000000089800000| Untracked 
| 153|0x0000000089900000, 0x0000000089900000, 0x0000000089a00000|  0%| F|  |TAMS 0x0000000089900000, 0x0000000089900000| Untracked 
| 154|0x0000000089a00000, 0x0000000089a00000, 0x0000000089b00000|  0%| F|  |TAMS 0x0000000089a00000, 0x0000000089a00000| Untracked 
| 155|0x0000000089b00000, 0x0000000089b00000, 0x0000000089c00000|  0%| F|  |TAMS 0x0000000089b00000, 0x0000000089b00000| Untracked 
| 156|0x0000000089c00000, 0x0000000089c00000, 0x0000000089d00000|  0%| F|  |TAMS 0x0000000089c00000, 0x0000000089c00000| Untracked 
| 157|0x0000000089d00000, 0x0000000089d00000, 0x0000000089e00000|  0%| F|  |TAMS 0x0000000089d00000, 0x0000000089d00000| Untracked 
| 158|0x0000000089e00000, 0x0000000089e00000, 0x0000000089f00000|  0%| F|  |TAMS 0x0000000089e00000, 0x0000000089e00000| Untracked 
| 159|0x0000000089f00000, 0x0000000089f00000, 0x000000008a000000|  0%| F|  |TAMS 0x0000000089f00000, 0x0000000089f00000| Untracked 
| 160|0x000000008a000000, 0x000000008a000000, 0x000000008a100000|  0%| F|  |TAMS 0x000000008a000000, 0x000000008a000000| Untracked 
| 161|0x000000008a100000, 0x000000008a100000, 0x000000008a200000|  0%| F|  |TAMS 0x000000008a100000, 0x000000008a100000| Untracked 
| 162|0x000000008a200000, 0x000000008a200000, 0x000000008a300000|  0%| F|  |TAMS 0x000000008a200000, 0x000000008a200000| Untracked 
| 163|0x000000008a300000, 0x000000008a300000, 0x000000008a400000|  0%| F|  |TAMS 0x000000008a300000, 0x000000008a300000| Untracked 
| 164|0x000000008a400000, 0x000000008a400000, 0x000000008a500000|  0%| F|  |TAMS 0x000000008a400000, 0x000000008a400000| Untracked 
| 165|0x000000008a500000, 0x000000008a500000, 0x000000008a600000|  0%| F|  |TAMS 0x000000008a500000, 0x000000008a500000| Untracked 
| 166|0x000000008a600000, 0x000000008a600000, 0x000000008a700000|  0%| F|  |TAMS 0x000000008a600000, 0x000000008a600000| Untracked 
| 167|0x000000008a700000, 0x000000008a700000, 0x000000008a800000|  0%| F|  |TAMS 0x000000008a700000, 0x000000008a700000| Untracked 
| 168|0x000000008a800000, 0x000000008a800000, 0x000000008a900000|  0%| F|  |TAMS 0x000000008a800000, 0x000000008a800000| Untracked 
| 169|0x000000008a900000, 0x000000008a900000, 0x000000008aa00000|  0%| F|  |TAMS 0x000000008a900000, 0x000000008a900000| Untracked 
| 170|0x000000008aa00000, 0x000000008aa00000, 0x000000008ab00000|  0%| F|  |TAMS 0x000000008aa00000, 0x000000008aa00000| Untracked 
| 171|0x000000008ab00000, 0x000000008ab00000, 0x000000008ac00000|  0%| F|  |TAMS 0x000000008ab00000, 0x000000008ab00000| Untracked 
| 172|0x000000008ac00000, 0x000000008ac00000, 0x000000008ad00000|  0%| F|  |TAMS 0x000000008ac00000, 0x000000008ac00000| Untracked 
| 173|0x000000008ad00000, 0x000000008ad00000, 0x000000008ae00000|  0%| F|  |TAMS 0x000000008ad00000, 0x000000008ad00000| Untracked 
| 174|0x000000008ae00000, 0x000000008ae00000, 0x000000008af00000|  0%| F|  |TAMS 0x000000008ae00000, 0x000000008ae00000| Untracked 
| 175|0x000000008af00000, 0x000000008af00000, 0x000000008b000000|  0%| F|  |TAMS 0x000000008af00000, 0x000000008af00000| Untracked 
| 176|0x000000008b000000, 0x000000008b000000, 0x000000008b100000|  0%| F|  |TAMS 0x000000008b000000, 0x000000008b000000| Untracked 
| 177|0x000000008b100000, 0x000000008b100000, 0x000000008b200000|  0%| F|  |TAMS 0x000000008b100000, 0x000000008b100000| Untracked 
| 178|0x000000008b200000, 0x000000008b200000, 0x000000008b300000|  0%| F|  |TAMS 0x000000008b200000, 0x000000008b200000| Untracked 
| 179|0x000000008b300000, 0x000000008b300000, 0x000000008b400000|  0%| F|  |TAMS 0x000000008b300000, 0x000000008b300000| Untracked 
| 180|0x000000008b400000, 0x000000008b400000, 0x000000008b500000|  0%| F|  |TAMS 0x000000008b400000, 0x000000008b400000| Untracked 
| 181|0x000000008b500000, 0x000000008b500000, 0x000000008b600000|  0%| F|  |TAMS 0x000000008b500000, 0x000000008b500000| Untracked 
| 182|0x000000008b600000, 0x000000008b600000, 0x000000008b700000|  0%| F|  |TAMS 0x000000008b600000, 0x000000008b600000| Untracked 
| 183|0x000000008b700000, 0x000000008b700000, 0x000000008b800000|  0%| F|  |TAMS 0x000000008b700000, 0x000000008b700000| Untracked 
| 184|0x000000008b800000, 0x000000008b800000, 0x000000008b900000|  0%| F|  |TAMS 0x000000008b800000, 0x000000008b800000| Untracked 
| 185|0x000000008b900000, 0x000000008b900000, 0x000000008ba00000|  0%| F|  |TAMS 0x000000008b900000, 0x000000008b900000| Untracked 
| 186|0x000000008ba00000, 0x000000008ba00000, 0x000000008bb00000|  0%| F|  |TAMS 0x000000008ba00000, 0x000000008ba00000| Untracked 
| 187|0x000000008bb00000, 0x000000008bb00000, 0x000000008bc00000|  0%| F|  |TAMS 0x000000008bb00000, 0x000000008bb00000| Untracked 
| 188|0x000000008bc00000, 0x000000008bc00000, 0x000000008bd00000|  0%| F|  |TAMS 0x000000008bc00000, 0x000000008bc00000| Untracked 
| 189|0x000000008bd00000, 0x000000008bd00000, 0x000000008be00000|  0%| F|  |TAMS 0x000000008bd00000, 0x000000008bd00000| Untracked 
| 190|0x000000008be00000, 0x000000008be00000, 0x000000008bf00000|  0%| F|  |TAMS 0x000000008be00000, 0x000000008be00000| Untracked 
| 191|0x000000008bf00000, 0x000000008bf00000, 0x000000008c000000|  0%| F|  |TAMS 0x000000008bf00000, 0x000000008bf00000| Untracked 
| 192|0x000000008c000000, 0x000000008c000000, 0x000000008c100000|  0%| F|  |TAMS 0x000000008c000000, 0x000000008c000000| Untracked 
| 193|0x000000008c100000, 0x000000008c100000, 0x000000008c200000|  0%| F|  |TAMS 0x000000008c100000, 0x000000008c100000| Untracked 
| 194|0x000000008c200000, 0x000000008c200000, 0x000000008c300000|  0%| F|  |TAMS 0x000000008c200000, 0x000000008c200000| Untracked 
| 195|0x000000008c300000, 0x000000008c300000, 0x000000008c400000|  0%| F|  |TAMS 0x000000008c300000, 0x000000008c300000| Untracked 
| 196|0x000000008c400000, 0x000000008c400000, 0x000000008c500000|  0%| F|  |TAMS 0x000000008c400000, 0x000000008c400000| Untracked 
| 197|0x000000008c500000, 0x000000008c500000, 0x000000008c600000|  0%| F|  |TAMS 0x000000008c500000, 0x000000008c500000| Untracked 
| 198|0x000000008c600000, 0x000000008c600000, 0x000000008c700000|  0%| F|  |TAMS 0x000000008c600000, 0x000000008c600000| Untracked 
| 199|0x000000008c700000, 0x000000008c700000, 0x000000008c800000|  0%| F|  |TAMS 0x000000008c700000, 0x000000008c700000| Untracked 
| 200|0x000000008c800000, 0x000000008c800000, 0x000000008c900000|  0%| F|  |TAMS 0x000000008c800000, 0x000000008c800000| Untracked 
| 201|0x000000008c900000, 0x000000008c900000, 0x000000008ca00000|  0%| F|  |TAMS 0x000000008c900000, 0x000000008c900000| Untracked 
| 202|0x000000008ca00000, 0x000000008ca00000, 0x000000008cb00000|  0%| F|  |TAMS 0x000000008ca00000, 0x000000008ca00000| Untracked 
| 203|0x000000008cb00000, 0x000000008cb00000, 0x000000008cc00000|  0%| F|  |TAMS 0x000000008cb00000, 0x000000008cb00000| Untracked 
| 204|0x000000008cc00000, 0x000000008cc00000, 0x000000008cd00000|  0%| F|  |TAMS 0x000000008cc00000, 0x000000008cc00000| Untracked 
| 205|0x000000008cd00000, 0x000000008cd00000, 0x000000008ce00000|  0%| F|  |TAMS 0x000000008cd00000, 0x000000008cd00000| Untracked 
| 206|0x000000008ce00000, 0x000000008ce00000, 0x000000008cf00000|  0%| F|  |TAMS 0x000000008ce00000, 0x000000008ce00000| Untracked 
| 207|0x000000008cf00000, 0x000000008cfee488, 0x000000008d000000| 93%| E|  |TAMS 0x000000008cf00000, 0x000000008cf00000| Complete 
| 208|0x000000008d000000, 0x000000008d100000, 0x000000008d100000|100%| E|CS|TAMS 0x000000008d000000, 0x000000008d000000| Complete 
| 209|0x000000008d100000, 0x000000008d200000, 0x000000008d200000|100%| E|CS|TAMS 0x000000008d100000, 0x000000008d100000| Complete 
| 210|0x000000008d200000, 0x000000008d300000, 0x000000008d300000|100%| E|CS|TAMS 0x000000008d200000, 0x000000008d200000| Complete 
| 211|0x000000008d300000, 0x000000008d400000, 0x000000008d400000|100%| E|CS|TAMS 0x000000008d300000, 0x000000008d300000| Complete 
| 212|0x000000008d400000, 0x000000008d500000, 0x000000008d500000|100%| E|CS|TAMS 0x000000008d400000, 0x000000008d400000| Complete 
| 213|0x000000008d500000, 0x000000008d600000, 0x000000008d600000|100%| E|CS|TAMS 0x000000008d500000, 0x000000008d500000| Complete 
| 214|0x000000008d600000, 0x000000008d700000, 0x000000008d700000|100%| E|CS|TAMS 0x000000008d600000, 0x000000008d600000| Complete 
| 215|0x000000008d700000, 0x000000008d800000, 0x000000008d800000|100%| E|CS|TAMS 0x000000008d700000, 0x000000008d700000| Complete 
| 216|0x000000008d800000, 0x000000008d900000, 0x000000008d900000|100%| E|CS|TAMS 0x000000008d800000, 0x000000008d800000| Complete 
| 217|0x000000008d900000, 0x000000008da00000, 0x000000008da00000|100%| E|CS|TAMS 0x000000008d900000, 0x000000008d900000| Complete 
| 218|0x000000008da00000, 0x000000008db00000, 0x000000008db00000|100%| E|CS|TAMS 0x000000008da00000, 0x000000008da00000| Complete 
| 219|0x000000008db00000, 0x000000008dc00000, 0x000000008dc00000|100%| E|CS|TAMS 0x000000008db00000, 0x000000008db00000| Complete 
| 220|0x000000008dc00000, 0x000000008dd00000, 0x000000008dd00000|100%| E|CS|TAMS 0x000000008dc00000, 0x000000008dc00000| Complete 
| 221|0x000000008dd00000, 0x000000008de00000, 0x000000008de00000|100%| E|CS|TAMS 0x000000008dd00000, 0x000000008dd00000| Complete 
| 222|0x000000008de00000, 0x000000008df00000, 0x000000008df00000|100%| E|CS|TAMS 0x000000008de00000, 0x000000008de00000| Complete 
| 223|0x000000008df00000, 0x000000008e000000, 0x000000008e000000|100%| E|CS|TAMS 0x000000008df00000, 0x000000008df00000| Complete 
| 224|0x000000008e000000, 0x000000008e100000, 0x000000008e100000|100%| E|CS|TAMS 0x000000008e000000, 0x000000008e000000| Complete 
| 225|0x000000008e100000, 0x000000008e200000, 0x000000008e200000|100%| E|CS|TAMS 0x000000008e100000, 0x000000008e100000| Complete 
| 226|0x000000008e200000, 0x000000008e300000, 0x000000008e300000|100%| E|CS|TAMS 0x000000008e200000, 0x000000008e200000| Complete 
| 227|0x000000008e300000, 0x000000008e400000, 0x000000008e400000|100%| E|CS|TAMS 0x000000008e300000, 0x000000008e300000| Complete 
| 228|0x000000008e400000, 0x000000008e500000, 0x000000008e500000|100%| E|CS|TAMS 0x000000008e400000, 0x000000008e400000| Complete 
| 229|0x000000008e500000, 0x000000008e600000, 0x000000008e600000|100%| E|CS|TAMS 0x000000008e500000, 0x000000008e500000| Complete 
| 230|0x000000008e600000, 0x000000008e700000, 0x000000008e700000|100%| E|CS|TAMS 0x000000008e600000, 0x000000008e600000| Complete 
| 231|0x000000008e700000, 0x000000008e800000, 0x000000008e800000|100%| E|CS|TAMS 0x000000008e700000, 0x000000008e700000| Complete 
| 232|0x000000008e800000, 0x000000008e900000, 0x000000008e900000|100%| E|CS|TAMS 0x000000008e800000, 0x000000008e800000| Complete 
| 233|0x000000008e900000, 0x000000008ea00000, 0x000000008ea00000|100%| E|CS|TAMS 0x000000008e900000, 0x000000008e900000| Complete 
| 234|0x000000008ea00000, 0x000000008eb00000, 0x000000008eb00000|100%| E|CS|TAMS 0x000000008ea00000, 0x000000008ea00000| Complete 
| 235|0x000000008eb00000, 0x000000008ec00000, 0x000000008ec00000|100%| E|CS|TAMS 0x000000008eb00000, 0x000000008eb00000| Complete 
| 236|0x000000008ec00000, 0x000000008ed00000, 0x000000008ed00000|100%| E|CS|TAMS 0x000000008ec00000, 0x000000008ec00000| Complete 
| 237|0x000000008ed00000, 0x000000008ee00000, 0x000000008ee00000|100%| E|CS|TAMS 0x000000008ed00000, 0x000000008ed00000| Complete 
| 238|0x000000008ee00000, 0x000000008ef00000, 0x000000008ef00000|100%| E|CS|TAMS 0x000000008ee00000, 0x000000008ee00000| Complete 
| 239|0x000000008ef00000, 0x000000008f000000, 0x000000008f000000|100%| E|CS|TAMS 0x000000008ef00000, 0x000000008ef00000| Complete 
| 240|0x000000008f000000, 0x000000008f100000, 0x000000008f100000|100%| E|CS|TAMS 0x000000008f000000, 0x000000008f000000| Complete 
| 241|0x000000008f100000, 0x000000008f200000, 0x000000008f200000|100%| E|CS|TAMS 0x000000008f100000, 0x000000008f100000| Complete 
| 242|0x000000008f200000, 0x000000008f300000, 0x000000008f300000|100%| E|CS|TAMS 0x000000008f200000, 0x000000008f200000| Complete 
| 243|0x000000008f300000, 0x000000008f400000, 0x000000008f400000|100%| E|CS|TAMS 0x000000008f300000, 0x000000008f300000| Complete 
| 244|0x000000008f400000, 0x000000008f500000, 0x000000008f500000|100%| E|CS|TAMS 0x000000008f400000, 0x000000008f400000| Complete 
| 245|0x000000008f500000, 0x000000008f600000, 0x000000008f600000|100%| E|CS|TAMS 0x000000008f500000, 0x000000008f500000| Complete 
| 246|0x000000008f600000, 0x000000008f6e1300, 0x000000008f700000| 87%| S|CS|TAMS 0x000000008f600000, 0x000000008f600000| Complete 
| 247|0x000000008f700000, 0x000000008f800000, 0x000000008f800000|100%| E|CS|TAMS 0x000000008f700000, 0x000000008f700000| Complete 
| 248|0x000000008f800000, 0x000000008f900000, 0x000000008f900000|100%| E|CS|TAMS 0x000000008f800000, 0x000000008f800000| Complete 
| 249|0x000000008f900000, 0x000000008fa00000, 0x000000008fa00000|100%| E|CS|TAMS 0x000000008f900000, 0x000000008f900000| Complete 
| 250|0x000000008fa00000, 0x000000008fb00000, 0x000000008fb00000|100%| E|CS|TAMS 0x000000008fa00000, 0x000000008fa00000| Complete 
| 251|0x000000008fb00000, 0x000000008fc00000, 0x000000008fc00000|100%| E|CS|TAMS 0x000000008fb00000, 0x000000008fb00000| Complete 
| 252|0x000000008fc00000, 0x000000008fd00000, 0x000000008fd00000|100%| E|CS|TAMS 0x000000008fc00000, 0x000000008fc00000| Complete 
| 253|0x000000008fd00000, 0x000000008fe00000, 0x000000008fe00000|100%| E|CS|TAMS 0x000000008fd00000, 0x000000008fd00000| Complete 
| 254|0x000000008fe00000, 0x000000008ff00000, 0x000000008ff00000|100%| E|CS|TAMS 0x000000008fe00000, 0x000000008fe00000| Complete 
| 255|0x000000008ff00000, 0x0000000090000000, 0x0000000090000000|100%| E|CS|TAMS 0x000000008ff00000, 0x000000008ff00000| Complete 
| 256|0x0000000090000000, 0x0000000090100000, 0x0000000090100000|100%| E|CS|TAMS 0x0000000090000000, 0x0000000090000000| Complete 
| 257|0x0000000090100000, 0x0000000090200000, 0x0000000090200000|100%| E|CS|TAMS 0x0000000090100000, 0x0000000090100000| Complete 
| 258|0x0000000090200000, 0x0000000090300000, 0x0000000090300000|100%| E|CS|TAMS 0x0000000090200000, 0x0000000090200000| Complete 
| 259|0x0000000090300000, 0x0000000090400000, 0x0000000090400000|100%| E|CS|TAMS 0x0000000090300000, 0x0000000090300000| Complete 
| 260|0x0000000090400000, 0x0000000090500000, 0x0000000090500000|100%| E|CS|TAMS 0x0000000090400000, 0x0000000090400000| Complete 
| 261|0x0000000090500000, 0x0000000090600000, 0x0000000090600000|100%| E|CS|TAMS 0x0000000090500000, 0x0000000090500000| Complete 
| 262|0x0000000090600000, 0x0000000090700000, 0x0000000090700000|100%| E|CS|TAMS 0x0000000090600000, 0x0000000090600000| Complete 
| 263|0x0000000090700000, 0x0000000090800000, 0x0000000090800000|100%| E|CS|TAMS 0x0000000090700000, 0x0000000090700000| Complete 
| 264|0x0000000090800000, 0x0000000090900000, 0x0000000090900000|100%| E|CS|TAMS 0x0000000090800000, 0x0000000090800000| Complete 
| 265|0x0000000090900000, 0x0000000090a00000, 0x0000000090a00000|100%| E|CS|TAMS 0x0000000090900000, 0x0000000090900000| Complete 
| 266|0x0000000090a00000, 0x0000000090b00000, 0x0000000090b00000|100%| E|CS|TAMS 0x0000000090a00000, 0x0000000090a00000| Complete 
| 267|0x0000000090b00000, 0x0000000090c00000, 0x0000000090c00000|100%| E|CS|TAMS 0x0000000090b00000, 0x0000000090b00000| Complete 
| 268|0x0000000090c00000, 0x0000000090d00000, 0x0000000090d00000|100%| E|CS|TAMS 0x0000000090c00000, 0x0000000090c00000| Complete 
| 269|0x0000000090d00000, 0x0000000090e00000, 0x0000000090e00000|100%| E|CS|TAMS 0x0000000090d00000, 0x0000000090d00000| Complete 
| 270|0x0000000090e00000, 0x0000000090f00000, 0x0000000090f00000|100%| E|CS|TAMS 0x0000000090e00000, 0x0000000090e00000| Complete 
| 271|0x0000000090f00000, 0x0000000091000000, 0x0000000091000000|100%| E|CS|TAMS 0x0000000090f00000, 0x0000000090f00000| Complete 

Card table byte_map: [0x000002883cf70000,0x000002883d370000] _byte_map_base: 0x000002883cb70000

Marking Bits (Prev, Next): (CMBitMap*) 0x0000028829a84798, (CMBitMap*) 0x0000028829a847d0
 Prev Bits: [0x000002883d770000, 0x000002883f770000)
 Next Bits: [0x000002883f770000, 0x0000028841770000)

Polling page: 0x0000028828170000

Metaspace:

Usage:
  Non-class:    121.06 MB capacity,   118.88 MB ( 98%) used,     1.74 MB (  1%) free+waste,   454.56 KB ( <1%) overhead. 
      Class:     18.32 MB capacity,    16.92 MB ( 92%) used,     1.20 MB (  7%) free+waste,   199.13 KB (  1%) overhead. 
       Both:    139.38 MB capacity,   135.80 MB ( 97%) used,     2.94 MB (  2%) free+waste,   653.69 KB ( <1%) overhead. 

Virtual space:
  Non-class space:      122.00 MB reserved,     121.17 MB (>99%) committed 
      Class space:        1.00 GB reserved,      18.38 MB (  2%) committed 
             Both:        1.12 GB reserved,     139.55 MB ( 12%) committed 

Chunk freelists:
   Non-Class:  1.00 KB
       Class:  58.00 KB
        Both:  59.00 KB

MaxMetaspaceSize: 17179869184.00 GB
CompressedClassSpaceSize: 1.00 GB

CodeHeap 'non-profiled nmethods': size=120064Kb used=13898Kb max_used=13898Kb free=106165Kb
 bounds [0x0000028835010000, 0x0000028835db0000, 0x000002883c550000]
CodeHeap 'profiled nmethods': size=120000Kb used=47323Kb max_used=47323Kb free=72676Kb
 bounds [0x000002882dae0000, 0x0000028830930000, 0x0000028835010000]
CodeHeap 'non-nmethods': size=5696Kb used=2372Kb max_used=2426Kb free=3323Kb
 bounds [0x000002882d550000, 0x000002882d7c0000, 0x000002882dae0000]
 total_blobs=21569 nmethods=20551 adapters=928
 compilation: enabled
              stopped_count=0, restarted_count=0
 full_count=0

Compilation events (20 events):
Event: 1221.640 Thread 0x0000028843df3800 22528       3       com.sun.org.apache.xerces.internal.util.ParserConfigurationSettings::getFeature (20 bytes)
Event: 1221.640 Thread 0x0000028843df3800 nmethod 22528 0x0000028830923210 code [0x00000288309233e0, 0x0000028830923688]
Event: 1221.640 Thread 0x0000028843df3800 22527       3       com.sun.org.apache.xerces.internal.util.FeatureState::is (12 bytes)
Event: 1221.641 Thread 0x0000028843df3800 nmethod 22527 0x0000028830923810 code [0x00000288309239e0, 0x0000028830923c58]
Event: 1221.641 Thread 0x0000028843df3800 22529       3       com.sun.org.apache.xerces.internal.util.ParserConfigurationSettings::getFeatureState (46 bytes)
Event: 1221.642 Thread 0x0000028843df3800 nmethod 22529 0x0000028830923d90 code [0x0000028830923fc0, 0x0000028830924858]
Event: 1221.645 Thread 0x0000028843df3800 22530       3       com.sun.org.apache.xerces.internal.impl.XMLDocumentFragmentScannerImpl::getCharacterData (17 bytes)
Event: 1221.645 Thread 0x0000028843df3800 nmethod 22530 0x0000028830924b10 code [0x0000028830924cc0, 0x0000028830924e18]
Event: 1221.645 Thread 0x0000028843ddb800 22532 %     4       com.sun.org.apache.xerces.internal.impl.XMLEntityScanner::scanContent @ 512 (690 bytes)
Event: 1221.645 Thread 0x0000028843df3800 22531   !   3       com.sun.org.apache.xerces.internal.parsers.AbstractSAXParser::characters (78 bytes)
Event: 1221.646 Thread 0x0000028843df3800 nmethod 22531 0x0000028830924e90 code [0x0000028830925080, 0x0000028830925408]
Event: 1221.646 Thread 0x0000028843df3800 22533       3       com.sun.org.apache.xerces.internal.util.XMLStringBuffer::append (110 bytes)
Event: 1221.647 Thread 0x0000028843df3800 nmethod 22533 0x0000028830925590 code [0x0000028830925780, 0x0000028830925c38]
Event: 1221.654 Thread 0x0000028843df3800 22535       1       com.sun.org.apache.xerces.internal.parsers.AbstractSAXParser$AttributesProxy::setAttributes (6 bytes)
Event: 1221.654 Thread 0x0000028843df3800 nmethod 22535 0x0000028835da0990 code [0x0000028835da0b40, 0x0000028835da0c38]
Event: 1221.654 Thread 0x0000028843df3800 22536       3       com.sun.org.apache.xerces.internal.util.NamespaceSupport::getDeclaredPrefixCount (17 bytes)
Event: 1221.654 Thread 0x0000028843df3800 nmethod 22536 0x0000028830925d90 code [0x0000028830925f40, 0x0000028830926098]
Event: 1221.656 Thread 0x0000028843ddb800 nmethod 22532% 0x0000028835da0c90 code [0x0000028835da0e40, 0x0000028835da11f8]
Event: 1221.656 Thread 0x0000028843ddb800 22534       4       java.util.regex.Pattern$1::match (14 bytes)
Event: 1221.657 Thread 0x0000028843ddb800 nmethod 22534 0x0000028835da1490 code [0x0000028835da1620, 0x0000028835da16b8]

GC Heap History (20 events):
Event: 381.230 GC heap before
{Heap before GC invocations=128 (full 0):
 garbage-first heap   total 278528K, used 220588K [0x0000000080000000, 0x0000000100000000)
  region size 1024K, 94 young (96256K), 8 survivors (8192K)
 Metaspace       used 132308K, capacity 135746K, committed 135856K, reserved 1167360K
  class space    used 16682K, capacity 18066K, committed 18176K, reserved 1048576K
}
Event: 381.327 GC heap after
{Heap after GC invocations=129 (full 0):
 garbage-first heap   total 278528K, used 140664K [0x0000000080000000, 0x0000000100000000)
  region size 1024K, 12 young (12288K), 12 survivors (12288K)
 Metaspace       used 132308K, capacity 135746K, committed 135856K, reserved 1167360K
  class space    used 16682K, capacity 18066K, committed 18176K, reserved 1048576K
}
Event: 387.621 GC heap before
{Heap before GC invocations=130 (full 0):
 garbage-first heap   total 278528K, used 223608K [0x0000000080000000, 0x0000000100000000)
  region size 1024K, 94 young (96256K), 12 survivors (12288K)
 Metaspace       used 134550K, capacity 138148K, committed 138416K, reserved 1169408K
  class space    used 16945K, capacity 18374K, committed 18432K, reserved 1048576K
}
Event: 387.661 GC heap after
{Heap after GC invocations=131 (full 0):
 garbage-first heap   total 278528K, used 137611K [0x0000000080000000, 0x0000000100000000)
  region size 1024K, 3 young (3072K), 3 survivors (3072K)
 Metaspace       used 134550K, capacity 138148K, committed 138416K, reserved 1169408K
  class space    used 16945K, capacity 18374K, committed 18432K, reserved 1048576K
}
Event: 388.166 GC heap before
{Heap before GC invocations=131 (full 0):
 garbage-first heap   total 278528K, used 147851K [0x0000000080000000, 0x0000000100000000)
  region size 1024K, 13 young (13312K), 3 survivors (3072K)
 Metaspace       used 134635K, capacity 138252K, committed 138416K, reserved 1169408K
  class space    used 16958K, capacity 18387K, committed 18432K, reserved 1048576K
}
Event: 388.192 GC heap after
{Heap after GC invocations=132 (full 0):
 garbage-first heap   total 278528K, used 137397K [0x0000000080000000, 0x0000000100000000)
  region size 1024K, 2 young (2048K), 2 survivors (2048K)
 Metaspace       used 134635K, capacity 138252K, committed 138416K, reserved 1169408K
  class space    used 16958K, capacity 18387K, committed 18432K, reserved 1048576K
}
Event: 389.224 GC heap before
{Heap before GC invocations=132 (full 0):
 garbage-first heap   total 278528K, used 185525K [0x0000000080000000, 0x0000000100000000)
  region size 1024K, 50 young (51200K), 2 survivors (2048K)
 Metaspace       used 134909K, capacity 138517K, committed 138800K, reserved 1169408K
  class space    used 16998K, capacity 18433K, committed 18560K, reserved 1048576K
}
Event: 389.239 GC heap after
{Heap after GC invocations=133 (full 0):
 garbage-first heap   total 278528K, used 137116K [0x0000000080000000, 0x0000000100000000)
  region size 1024K, 2 young (2048K), 2 survivors (2048K)
 Metaspace       used 134909K, capacity 138517K, committed 138800K, reserved 1169408K
  class space    used 16998K, capacity 18433K, committed 18560K, reserved 1048576K
}
Event: 622.040 GC heap before
{Heap before GC invocations=134 (full 0):
 garbage-first heap   total 278528K, used 263068K [0x0000000080000000, 0x0000000100000000)
  region size 1024K, 90 young (92160K), 2 survivors (2048K)
 Metaspace       used 137892K, capacity 141481K, committed 141872K, reserved 1173504K
  class space    used 17267K, capacity 18664K, committed 18816K, reserved 1048576K
}
Event: 622.154 GC heap after
{Heap after GC invocations=135 (full 0):
 garbage-first heap   total 278528K, used 137762K [0x0000000080000000, 0x0000000100000000)
  region size 1024K, 6 young (6144K), 6 survivors (6144K)
 Metaspace       used 137892K, capacity 141481K, committed 141872K, reserved 1173504K
  class space    used 17267K, capacity 18664K, committed 18816K, reserved 1048576K
}
Event: 623.021 GC heap before
{Heap before GC invocations=135 (full 0):
 garbage-first heap   total 278528K, used 144930K [0x0000000080000000, 0x0000000100000000)
  region size 1024K, 13 young (13312K), 6 survivors (6144K)
 Metaspace       used 137998K, capacity 141573K, committed 141872K, reserved 1173504K
  class space    used 17268K, capacity 18667K, committed 18816K, reserved 1048576K
}
Event: 623.085 GC heap after
{Heap after GC invocations=136 (full 0):
 garbage-first heap   total 278528K, used 135646K [0x0000000080000000, 0x0000000100000000)
  region size 1024K, 2 young (2048K), 2 survivors (2048K)
 Metaspace       used 137998K, capacity 141573K, committed 141872K, reserved 1173504K
  class space    used 17268K, capacity 18667K, committed 18816K, reserved 1048576K
}
Event: 624.648 GC heap before
{Heap before GC invocations=136 (full 0):
 garbage-first heap   total 278528K, used 145886K [0x0000000080000000, 0x0000000100000000)
  region size 1024K, 13 young (13312K), 2 survivors (2048K)
 Metaspace       used 138192K, capacity 141734K, committed 142128K, reserved 1173504K
  class space    used 17270K, capacity 18670K, committed 18816K, reserved 1048576K
}
Event: 624.681 GC heap after
{Heap after GC invocations=137 (full 0):
 garbage-first heap   total 278528K, used 137459K [0x0000000080000000, 0x0000000100000000)
  region size 1024K, 4 young (4096K), 4 survivors (4096K)
 Metaspace       used 138192K, capacity 141734K, committed 142128K, reserved 1173504K
  class space    used 17270K, capacity 18670K, committed 18816K, reserved 1048576K
}
Event: 675.298 GC heap before
{Heap before GC invocations=138 (full 0):
 garbage-first heap   total 278528K, used 204019K [0x0000000080000000, 0x0000000100000000)
  region size 1024K, 71 young (72704K), 4 survivors (4096K)
 Metaspace       used 138561K, capacity 142133K, committed 142384K, reserved 1173504K
  class space    used 17300K, capacity 18690K, committed 18816K, reserved 1048576K
}
Event: 675.351 GC heap after
{Heap after GC invocations=139 (full 0):
 garbage-first heap   total 278528K, used 137588K [0x0000000080000000, 0x0000000100000000)
  region size 1024K, 8 young (8192K), 8 survivors (8192K)
 Metaspace       used 138561K, capacity 142133K, committed 142384K, reserved 1173504K
  class space    used 17300K, capacity 18690K, committed 18816K, reserved 1048576K
}
Event: 676.169 GC heap before
{Heap before GC invocations=139 (full 0):
 garbage-first heap   total 278528K, used 142708K [0x0000000080000000, 0x0000000100000000)
  region size 1024K, 13 young (13312K), 8 survivors (8192K)
 Metaspace       used 138607K, capacity 142203K, committed 142384K, reserved 1173504K
  class space    used 17302K, capacity 18691K, committed 18816K, reserved 1048576K
}
Event: 676.526 GC heap after
{Heap after GC invocations=140 (full 0):
 garbage-first heap   total 278528K, used 125355K [0x0000000080000000, 0x0000000100000000)
  region size 1024K, 2 young (2048K), 2 survivors (2048K)
 Metaspace       used 138607K, capacity 142203K, committed 142384K, reserved 1173504K
  class space    used 17302K, capacity 18691K, committed 18816K, reserved 1048576K
}
Event: 678.316 GC heap before
{Heap before GC invocations=140 (full 0):
 garbage-first heap   total 278528K, used 147883K [0x0000000080000000, 0x0000000100000000)
  region size 1024K, 25 young (25600K), 2 survivors (2048K)
 Metaspace       used 138746K, capacity 142341K, committed 142640K, reserved 1173504K
  class space    used 17310K, capacity 18729K, committed 18816K, reserved 1048576K
}
Event: 678.334 GC heap after
{Heap after GC invocations=141 (full 0):
 garbage-first heap   total 278528K, used 124916K [0x0000000080000000, 0x0000000100000000)
  region size 1024K, 1 young (1024K), 1 survivors (1024K)
 Metaspace       used 138746K, capacity 142341K, committed 142640K, reserved 1173504K
  class space    used 17310K, capacity 18729K, committed 18816K, reserved 1048576K
}

Deoptimization events (20 events):
Event: 1218.018 Thread 0x0000028847693000 DEOPT PACKING pc=0x0000028835610548 sp=0x000000d71b4f74b0
Event: 1218.018 Thread 0x0000028847693000 DEOPT UNPACKING pc=0x000002882d5762a9 sp=0x000000d71b4f7490 mode 2
Event: 1219.004 Thread 0x0000028847693000 Uncommon trap: trap_request=0xffffffdc fr.pc=0x0000028835d4ac20 relative=0x00000000000002e0
Event: 1219.004 Thread 0x0000028847693000 Uncommon trap: reason=class_check action=make_not_entrant pc=0x0000028835d4ac20 method=java.util.ArrayList$SubList.toArray([Ljava/lang/Object;)[Ljava/lang/Object; @ 37 c2
Event: 1219.004 Thread 0x0000028847693000 DEOPT PACKING pc=0x0000028835d4ac20 sp=0x000000d71b4f8cd0
Event: 1219.004 Thread 0x0000028847693000 DEOPT UNPACKING pc=0x000002882d5762a9 sp=0x000000d71b4f8c98 mode 2
Event: 1220.255 Thread 0x0000028847693000 Uncommon trap: trap_request=0xffffffde fr.pc=0x0000028835904b94 relative=0x00000000000016b4
Event: 1220.255 Thread 0x0000028847693000 Uncommon trap: reason=class_check action=maybe_recompile pc=0x0000028835904b94 method=org.gradle.internal.vfs.impl.AbstractVirtualFileSystem.getSnapshot(Ljava/lang/String;)Ljava/util/Optional; @ 8 c2
Event: 1220.255 Thread 0x0000028847693000 DEOPT PACKING pc=0x0000028835904b94 sp=0x000000d71b4fa2b0
Event: 1220.256 Thread 0x0000028847693000 DEOPT UNPACKING pc=0x000002882d5762a9 sp=0x000000d71b4fa250 mode 2
Event: 1220.256 Thread 0x0000028847693000 Uncommon trap: trap_request=0xffffffde fr.pc=0x0000028835683ee4 relative=0x0000000000000624
Event: 1220.256 Thread 0x0000028847693000 Uncommon trap: reason=class_check action=maybe_recompile pc=0x0000028835683ee4 method=org.gradle.internal.snapshot.SnapshotHierarchy.getSnapshot(Ljava/lang/String;)Ljava/util/Optional; @ 2 c2
Event: 1220.256 Thread 0x0000028847693000 DEOPT PACKING pc=0x0000028835683ee4 sp=0x000000d71b4fa210
Event: 1220.256 Thread 0x0000028847693000 DEOPT UNPACKING pc=0x000002882d5762a9 sp=0x000000d71b4fa1d8 mode 2
Event: 1220.256 Thread 0x0000028847693000 Uncommon trap: trap_request=0xffffffde fr.pc=0x0000028835683ee4 relative=0x0000000000000624
Event: 1220.256 Thread 0x0000028847693000 Uncommon trap: reason=class_check action=maybe_recompile pc=0x0000028835683ee4 method=org.gradle.internal.snapshot.SnapshotHierarchy.getSnapshot(Ljava/lang/String;)Ljava/util/Optional; @ 2 c2
Event: 1220.257 Thread 0x0000028847693000 DEOPT PACKING pc=0x0000028835683ee4 sp=0x000000d71b4fa000
Event: 1220.257 Thread 0x0000028847693000 DEOPT UNPACKING pc=0x000002882d5762a9 sp=0x000000d71b4f9fb8 mode 2
Event: 1221.363 Thread 0x0000028847693000 DEOPT PACKING pc=0x000002882e09f216 sp=0x000000d71b4f9c90
Event: 1221.363 Thread 0x0000028847693000 DEOPT UNPACKING pc=0x000002882d5766bf sp=0x000000d71b4f91a8 mode 0

Classes redefined (0 events):
No events

Internal exceptions (20 events):
Event: 638.406 Thread 0x0000028847569800 Exception <a 'java/lang/NoSuchMethodError'{0x000000008e313278}: 'java.lang.Object java.lang.invoke.DirectMethodHandle$Holder.newInvokeSpecial(java.lang.Object, java.lang.Object, java.lang.Object, java.lang.Object, int, long)'> (0x000000008e313278) thrown at [./src/hotspot/share/interpreter/linkResolver.cpp, line 773]
Event: 640.405 Thread 0x0000028847569800 Exception <a 'java/net/ConnectException'{0x000000008df2a938}: Connection refused: connect> (0x000000008df2a938) thrown at [./src/hotspot/share/prims/jni.cpp, line 636]
Event: 641.417 Thread 0x0000028847569800 Exception <a 'java/net/ConnectException'{0x000000008df2e640}: Connection refused: connect> (0x000000008df2e640) thrown at [./src/hotspot/share/prims/jni.cpp, line 636]
Event: 642.429 Thread 0x0000028847569800 Exception <a 'java/net/ConnectException'{0x000000008df2fb68}: Connection refused: connect> (0x000000008df2fb68) thrown at [./src/hotspot/share/prims/jni.cpp, line 636]
Event: 642.531 Thread 0x0000028847564800 Exception <a 'java/lang/InterruptedException'{0x000000008df49928}> (0x000000008df49928) thrown at [./src/hotspot/share/runtime/objectMonitor.cpp, line 1635]
Event: 667.059 Thread 0x0000028844a0e800 Exception <a 'java/net/ConnectException'{0x000000008d43ffb0}: Connection refused: connect> (0x000000008d43ffb0) thrown at [./src/hotspot/share/prims/jni.cpp, line 636]
Event: 668.072 Thread 0x0000028844a0e800 Exception <a 'java/net/ConnectException'{0x000000008d441cd0}: Connection refused: connect> (0x000000008d441cd0) thrown at [./src/hotspot/share/prims/jni.cpp, line 636]
Event: 669.085 Thread 0x0000028844a0e800 Exception <a 'java/net/ConnectException'{0x000000008d4439f0}: Connection refused: connect> (0x000000008d4439f0) thrown at [./src/hotspot/share/prims/jni.cpp, line 636]
Event: 669.114 Thread 0x0000028847560800 Exception <a 'java/lang/InterruptedException'{0x000000008d4878d0}> (0x000000008d4878d0) thrown at [./src/hotspot/share/runtime/objectMonitor.cpp, line 1635]
Event: 676.000 Thread 0x0000028847560800 Exception <a 'sun/nio/fs/WindowsException'{0x0000000090b26f58}> (0x0000000090b26f58) thrown at [./src/hotspot/share/prims/jni.cpp, line 615]
Event: 676.709 Thread 0x0000028847560800 Exception <a 'sun/nio/fs/WindowsException'{0x0000000090fb25d0}> (0x0000000090fb25d0) thrown at [./src/hotspot/share/prims/jni.cpp, line 615]
Event: 676.946 Thread 0x0000028844a0e800 Exception <a 'java/lang/NoSuchMethodError'{0x0000000090d07f50}: <clinit>> (0x0000000090d07f50) thrown at [./src/hotspot/share/prims/jni.cpp, line 1362]
Event: 677.561 Thread 0x000002884756b800 Exception <a 'sun/nio/fs/WindowsException'{0x0000000090b38880}> (0x0000000090b38880) thrown at [./src/hotspot/share/prims/jni.cpp, line 615]
Event: 677.638 Thread 0x000002884756b800 Exception <a 'sun/nio/fs/WindowsException'{0x00000000907dbe70}> (0x00000000907dbe70) thrown at [./src/hotspot/share/prims/jni.cpp, line 615]
Event: 678.748 Thread 0x0000028847568000 Implicit null exception at 0x000002883519296b to 0x000002883519298c
Event: 678.987 Thread 0x0000028844a0e800 Exception <a 'sun/nio/fs/WindowsException'{0x0000000090e910e8}> (0x0000000090e910e8) thrown at [./src/hotspot/share/prims/jni.cpp, line 615]
Event: 678.988 Thread 0x0000028844a0e800 Exception <a 'sun/nio/fs/WindowsException'{0x0000000090e91220}> (0x0000000090e91220) thrown at [./src/hotspot/share/prims/jni.cpp, line 615]
Event: 678.989 Thread 0x0000028844a0e800 Exception <a 'sun/nio/fs/WindowsException'{0x0000000090e92ab0}> (0x0000000090e92ab0) thrown at [./src/hotspot/share/prims/jni.cpp, line 615]
Event: 1220.846 Thread 0x0000028847693000 Exception <a 'sun/nio/fs/WindowsException'{0x000000008dc4cc80}> (0x000000008dc4cc80) thrown at [./src/hotspot/share/prims/jni.cpp, line 615]
Event: 1221.512 Thread 0x0000028847693000 Exception <a 'sun/nio/fs/WindowsException'{0x000000008d1c9ed8}> (0x000000008d1c9ed8) thrown at [./src/hotspot/share/prims/jni.cpp, line 615]

Events (20 events):
Event: 1220.009 Thread 0x0000028849f12800 Thread added: 0x0000028849f12800
Event: 1220.009 Thread 0x0000028849f19000 Thread added: 0x0000028849f19000
Event: 1220.010 Thread 0x0000028849f13000 Thread added: 0x0000028849f13000
Event: 1220.010 Thread 0x0000028849f1b000 Thread added: 0x0000028849f1b000
Event: 1220.011 Thread 0x0000028849f1c000 Thread added: 0x0000028849f1c000
Event: 1220.011 Thread 0x0000028849f1e800 Thread added: 0x0000028849f1e800
Event: 1220.015 Thread 0x0000028849f1d000 Thread added: 0x0000028849f1d000
Event: 1220.016 Thread 0x0000028849f19800 Thread added: 0x0000028849f19800
Event: 1220.016 Thread 0x0000028849f1d800 Thread added: 0x0000028849f1d800
Event: 1220.017 Thread 0x0000028849f1a800 Thread added: 0x0000028849f1a800
Event: 1220.017 Thread 0x000002884a96a800 Thread added: 0x000002884a96a800
Event: 1220.019 Thread 0x000002884a965800 Thread added: 0x000002884a965800
Event: 1220.019 Thread 0x000002884a966800 Thread added: 0x000002884a966800
Event: 1220.275 Thread 0x000002884a96e000 Thread added: 0x000002884a96e000
Event: 1220.931 Executing VM operation: RevokeBias
Event: 1220.932 Executing VM operation: RevokeBias done
Event: 1220.991 loading class org/gradle/internal/operations/BuildOperationDescriptor$1
Event: 1220.991 loading class org/gradle/internal/operations/BuildOperationDescriptor$1 done
Event: 1221.138 Executing VM operation: RevokeBias
Event: 1221.138 Executing VM operation: RevokeBias done


Dynamic libraries:
0x00007ff65f1e0000 - 0x00007ff65f1ea000 	D:\Alondra\programs\Android Studio\jre\bin\java.exe
0x00007ffef2d70000 - 0x00007ffef2f31000 	C:\Windows\SYSTEM32\ntdll.dll
0x00007ffef24c0000 - 0x00007ffef256d000 	C:\Windows\system32\KERNEL32.DLL
0x00007ffeef860000 - 0x00007ffeefa48000 	C:\Windows\system32\KERNELBASE.dll
0x00007ffee4170000 - 0x00007ffee4189000 	D:\Alondra\programs\Android Studio\jre\bin\jli.dll
0x00007ffee6ae0000 - 0x00007ffee6af7000 	D:\Alondra\programs\Android Studio\jre\bin\VCRUNTIME140.dll
0x00007ffeee530000 - 0x00007ffeee624000 	C:\Windows\SYSTEM32\ucrtbase.dll
0x00007ffef0760000 - 0x00007ffef08b6000 	C:\Windows\system32\USER32.dll
0x00007ffef1fe0000 - 0x00007ffef2166000 	C:\Windows\system32\GDI32.dll
0x00007ffed5000000 - 0x00007ffed5274000 	C:\Windows\WinSxS\amd64_microsoft.windows.common-controls_6595b64144ccf1df_6.0.10586.0_none_8c15ae12515e1c22\COMCTL32.dll
0x00007ffef0380000 - 0x00007ffef041d000 	C:\Windows\system32\msvcrt.dll
0x00007ffef2240000 - 0x00007ffef24bd000 	C:\Windows\system32\combase.dll
0x00007ffef0490000 - 0x00007ffef05ac000 	C:\Windows\system32\RPCRT4.dll
0x00007ffeef420000 - 0x00007ffeef48a000 	C:\Windows\system32\bcryptPrimitives.dll
0x00007ffef05b0000 - 0x00007ffef05eb000 	C:\Windows\system32\IMM32.DLL
0x00007ffed3a80000 - 0x00007ffed3b1d000 	D:\Alondra\programs\Android Studio\jre\bin\msvcp140.dll
0x00007ffec32d0000 - 0x00007ffec3da5000 	D:\Alondra\programs\Android Studio\jre\bin\server\jvm.dll
0x00007ffef2cc0000 - 0x00007ffef2d67000 	C:\Windows\system32\ADVAPI32.dll
0x00007ffef25d0000 - 0x00007ffef262b000 	C:\Windows\system32\sechost.dll
0x00007ffef2170000 - 0x00007ffef2178000 	C:\Windows\system32\PSAPI.DLL
0x00007ffee6b20000 - 0x00007ffee6b29000 	C:\Windows\SYSTEM32\WSOCK32.dll
0x00007ffee4430000 - 0x00007ffee443a000 	C:\Windows\SYSTEM32\VERSION.dll
0x00007ffeed970000 - 0x00007ffeed993000 	C:\Windows\SYSTEM32\WINMM.dll
0x00007ffef1e20000 - 0x00007ffef1e8b000 	C:\Windows\system32\WS2_32.dll
0x0000028829a00000 - 0x0000028829a2c000 	C:\Windows\SYSTEM32\WINMMBASE.dll
0x00007ffeef490000 - 0x00007ffeef4d3000 	C:\Windows\system32\cfgmgr32.dll
0x00007ffeef410000 - 0x00007ffeef41f000 	C:\Windows\system32\kernel.appcore.dll
0x00007ffee9fa0000 - 0x00007ffee9fb1000 	D:\Alondra\programs\Android Studio\jre\bin\verify.dll
0x00007ffeebdf0000 - 0x00007ffeebf7c000 	C:\Windows\SYSTEM32\DBGHELP.DLL
0x00007ffed3d70000 - 0x00007ffed3d95000 	C:\Windows\SYSTEM32\dbgcore.DLL
0x00007ffee9f70000 - 0x00007ffee9f99000 	D:\Alondra\programs\Android Studio\jre\bin\java.dll
0x00007ffeeae30000 - 0x00007ffeeae3b000 	D:\Alondra\programs\Android Studio\jre\bin\jimage.dll
0x00007ffee9f50000 - 0x00007ffee9f68000 	D:\Alondra\programs\Android Studio\jre\bin\zip.dll
0x00007ffef08c0000 - 0x00007ffef1e1f000 	C:\Windows\system32\SHELL32.dll
0x00007ffeefa50000 - 0x00007ffef0094000 	C:\Windows\system32\windows.storage.dll
0x00007ffef2570000 - 0x00007ffef25c2000 	C:\Windows\system32\shlwapi.dll
0x00007ffeef4e0000 - 0x00007ffeef595000 	C:\Windows\system32\shcore.dll
0x00007ffeef390000 - 0x00007ffeef3db000 	C:\Windows\system32\powrprof.dll
0x00007ffeef3f0000 - 0x00007ffeef404000 	C:\Windows\system32\profapi.dll
0x00007ffee9f30000 - 0x00007ffee9f4a000 	D:\Alondra\programs\Android Studio\jre\bin\net.dll
0x00007ffeeb9a0000 - 0x00007ffeeba68000 	C:\Windows\SYSTEM32\WINHTTP.dll
0x00007ffeeec60000 - 0x00007ffeeecbc000 	C:\Windows\system32\mswsock.dll
0x00007ffee9f10000 - 0x00007ffee9f24000 	D:\Alondra\programs\Android Studio\jre\bin\nio.dll
0x00007ffee9e90000 - 0x00007ffee9eb7000 	D:\Alondra\AndroidStudioProjects\native\e1d6ef7f7dcc3fd88c89a11ec53ec762bb8ba0a96d01ffa2cd45eb1d1d8dd5c5\windows-amd64\native-platform.dll
0x00007ffee9f00000 - 0x00007ffee9f0a000 	D:\Alondra\programs\Android Studio\jre\bin\management.dll
0x00007ffee9ef0000 - 0x00007ffee9efd000 	D:\Alondra\programs\Android Studio\jre\bin\management_ext.dll
0x00007ffeeed10000 - 0x00007ffeeed27000 	C:\Windows\SYSTEM32\CRYPTSP.dll
0x00007ffeee9a0000 - 0x00007ffeee9d4000 	C:\Windows\system32\rsaenh.dll
0x00007ffeef2c0000 - 0x00007ffeef2e9000 	C:\Windows\SYSTEM32\bcrypt.dll
0x00007ffeeeaf0000 - 0x00007ffeeeb0f000 	C:\Windows\SYSTEM32\USERENV.dll
0x00007ffeeee30000 - 0x00007ffeeee3b000 	C:\Windows\SYSTEM32\CRYPTBASE.dll
0x00007ffeeace0000 - 0x00007ffeead18000 	C:\Windows\SYSTEM32\IPHLPAPI.DLL
0x00007ffef0170000 - 0x00007ffef0178000 	C:\Windows\system32\NSI.dll
0x00007ffeea6f0000 - 0x00007ffeea706000 	C:\Windows\SYSTEM32\dhcpcsvc6.DLL
0x00007ffeea680000 - 0x00007ffeea69a000 	C:\Windows\SYSTEM32\dhcpcsvc.DLL
0x00007ffee3af0000 - 0x00007ffee3b0e000 	D:\tmp\native-platform10841435512406942646dir\native-platform.dll
0x00007ffee9e30000 - 0x00007ffee9e38000 	D:\Alondra\programs\Android Studio\jre\bin\rmi.dll
0x0000000070bc0000 - 0x0000000070c9c000 	D:\tmp\sqlite-3.36.0-85e1218b-ff18-45e7-9b65-c1262eb14599-sqlitejdbc.dll
0x00007ffee4240000 - 0x00007ffee4267000 	D:\Alondra\programs\Android Studio\jre\bin\sunec.dll

dbghelp: loaded successfully - version: 4.0.5 - missing functions: none
symbol engine: initialized successfully - sym options: 0x614 - pdb path: .;D:\Alondra\programs\Android Studio\jre\bin;C:\Windows\SYSTEM32;C:\Windows\WinSxS\amd64_microsoft.windows.common-controls_6595b64144ccf1df_6.0.10586.0_none_8c15ae12515e1c22;D:\Alondra\programs\Android Studio\jre\bin\server;D:\Alondra\AndroidStudioProjects\native\e1d6ef7f7dcc3fd88c89a11ec53ec762bb8ba0a96d01ffa2cd45eb1d1d8dd5c5\windows-amd64;D:\tmp\native-platform10841435512406942646dir;D:\tmp

VM Arguments:
jvm_args: --add-opens=java.base/java.util=ALL-UNNAMED --add-opens=java.base/java.lang=ALL-UNNAMED --add-opens=java.base/java.lang.invoke=ALL-UNNAMED --add-opens=java.base/java.util=ALL-UNNAMED --add-opens=java.prefs/java.util.prefs=ALL-UNNAMED --add-opens=java.prefs/java.util.prefs=ALL-UNNAMED --add-opens=java.base/java.nio.charset=ALL-UNNAMED --add-opens=java.base/java.net=ALL-UNNAMED --add-opens=java.base/java.util.concurrent.atomic=ALL-UNNAMED -Xmx2048m -Dfile.encoding=UTF-8 -Duser.country=419 -Duser.language=es -Duser.variant 
java_command: org.gradle.launcher.daemon.bootstrap.GradleDaemon 7.2
java_class_path (initial): D:\Alondra\AndroidStudioProjects\wrapper\dists\gradle-7.2-bin\2dnblmf4td7x66yl1d74lt32g\gradle-7.2\lib\gradle-launcher-7.2.jar
Launcher Type: SUN_STANDARD

[Global flags]
     intx CICompilerCount                          = 3                                         {product} {ergonomic}
     uint ConcGCThreads                            = 1                                         {product} {ergonomic}
     uint G1ConcRefinementThreads                  = 4                                         {product} {ergonomic}
   size_t G1HeapRegionSize                         = 1048576                                   {product} {ergonomic}
    uintx GCDrainStackTargetSize                   = 64                                        {product} {ergonomic}
   size_t InitialHeapSize                          = 65011712                                  {product} {ergonomic}
   size_t MarkStackSize                            = 4194304                                   {product} {ergonomic}
   size_t MaxHeapSize                              = 2147483648                                {product} {command line}
   size_t MaxNewSize                               = 1287651328                                {product} {ergonomic}
   size_t MinHeapDeltaBytes                        = 1048576                                   {product} {ergonomic}
    uintx NonNMethodCodeHeapSize                   = 5830732                                {pd product} {ergonomic}
    uintx NonProfiledCodeHeapSize                  = 122913754                              {pd product} {ergonomic}
    uintx ProfiledCodeHeapSize                     = 122913754                              {pd product} {ergonomic}
    uintx ReservedCodeCacheSize                    = 251658240                              {pd product} {ergonomic}
     bool SegmentedCodeCache                       = true                                      {product} {ergonomic}
     bool UseCompressedClassPointers               = true                                 {lp64_product} {ergonomic}
     bool UseCompressedOops                        = true                                 {lp64_product} {ergonomic}
     bool UseG1GC                                  = true                                      {product} {ergonomic}
     bool UseLargePagesIndividualAllocation        = false                                  {pd product} {ergonomic}

Logging:
Log output configuration:
 #0: stdout all=warning uptime,level,tags
 #1: stderr all=off uptime,level,tags

Environment Variables:
JAVA_HOME=D:\Alondra\programs\java\jdk1.8.0_281
PATH=D:\Alondra\programs\python39\Scripts\;D:\Alondra\programs\python39\;C:\Python39\Scripts\;C:\Python39\;C:\Program Files (x86)\Common Files\Oracle\Java\javapath;C:\Windows\system32;C:\Windows;C:\Windows\System32\Wbem;C:\Windows\System32\WindowsPowerShell\v1.0\;C:\Users\Alondra\AppData\Local\Programs\Python\Python39;C:\Users\Alondra\AppData\Local\Programs\Python\Python39\Scripts;C:\Program Files\dotnet\;D:\Alondra\programs\Brackets\command;D:\Alondra\programs\java\jdk1.8.0_281\bin;D:\Alondra\programs\nodejs\;C:\ProgramData\chocolatey\bin;D:\Alondra\programs\Git\cmd;D:\Alondra\programs\PuTTY\;C:\Users\Alondra\AppData\Roaming\Python\Python39\Scripts;C:\Users\Alondra\AppData\Roaming\Python\Python39;D:\Alondra\programs\PostgreSQL\13\bin;D:\Alondra\7° SEMESTRE\4.Lenguajes y Automatas ll\javacc-javacc-7.0.10\scripts;D:\Alondra\7° SEMESTRE\4.Lenguajes y Automatas ll\javacc-javacc-7.0.10\bin;D:\Alondra\programs\XAMPP\php;D:\Alondra\programs\ComposerSetup;D:\Alondra\programs\Pyhon\Scripts\;D:\Alondra\programs\Pyhon\;D:\Alondra\programs\Microsoft VS Code\bin;D:\Alondra\descargas D\curl_7_53_1_openssl_nghttp2_x64;C:\Users\Alondra\.dotnet\tools;C:\Users\Alondra\AppData\Roaming\npm;D:\Alondra\programs\Nmap;C:\Users\Alondra\AppData\Roaming\Python\Python39\Scripts;C:\Users\Alondra\AppData\Roaming\Python\Python39;D:\Alondra\programs\PostgreSQL\13\bin;C:\Users\Alondra\AppData\Roaming\Composer\vendor\bin
USERNAME=Alondra
OS=Windows_NT
PROCESSOR_IDENTIFIER=Intel64 Family 6 Model 92 Stepping 9, GenuineIntel



---------------  S Y S T E M  ---------------

OS: Windows 10 , 64 bit Build 10586 (10.0.10586.0)
OS uptime: 0 days 1:32 hours

CPU:total 4 (initial active 4) (4 cores per cpu, 1 threads per core) family 6 model 92 stepping 9 microcode 0x2a, cmov, cx8, fxsr, mmx, sse, sse2, sse3, ssse3, sse4.1, sse4.2, popcnt, aes, clmul, erms, 3dnowpref, tsc, tscinvbit, sha

Memory: 4k page, system-wide physical 3928M (670M free)
TotalPageFile size 4731M (AvailPageFile size 3M)
current process WorkingSet (physical memory assigned to process): 225M, peak: 596M
current process commit charge ("private bytes"): 658M, peak: 671M

vm_info: OpenJDK 64-Bit Server VM (11.0.11+9-b60-7590822) for windows-amd64 JRE (11.0.11+9-b60-7590822), built on Jul 29 2021 21:43:44 by "builder" with MS VC++ 14.0 (VS2015)

END.
