#
# There is insufficient memory for the Java Runtime Environment to continue.
# Native memory allocation (malloc) failed to allocate 1893456 bytes for Chunk::new
# Possible reasons:
#   The system is out of physical RAM or swap space
#   The process is running with CompressedOops enabled, and the Java Heap may be blocking the growth of the native heap
# Possible solutions:
#   Reduce memory load on the system
#   Increase physical memory or swap space
#   Check if swap backing store is full
#   Decrease Java heap size (-Xmx/-Xms)
#   Decrease number of Java threads
#   Decrease Java thread stack sizes (-Xss)
#   Set larger code cache with -XX:ReservedCodeCacheSize=
#   JVM is running with Unscaled Compressed Oops mode in which the Java heap is
#     placed in the first 4GB address space. The Java Heap base address is the
#     maximum limit for the native heap growth. Please use -XX:HeapBaseMinAddress
#     to set the Java Heap base and to place the Java Heap above 4GB virtual address.
# This output file may be truncated or incomplete.
#
#  Out of Memory Error (./src/hotspot/share/memory/arena.cpp:197), pid=6252, tid=1272
#
# JRE version: OpenJDK Runtime Environment (11.0.11+9) (build 11.0.11+9-b60-7590822)
# Java VM: OpenJDK 64-Bit Server VM (11.0.11+9-b60-7590822, mixed mode, tiered, compressed oops, g1 gc, windows-amd64)
# No core dump will be written. Minidumps are not enabled by default on client versions of Windows
#

---------------  S U M M A R Y ------------

Command Line: --add-opens=java.base/java.util=ALL-UNNAMED --add-opens=java.base/java.lang=ALL-UNNAMED --add-opens=java.base/java.lang.invoke=ALL-UNNAMED --add-opens=java.base/java.util=ALL-UNNAMED --add-opens=java.prefs/java.util.prefs=ALL-UNNAMED --add-opens=java.prefs/java.util.prefs=ALL-UNNAMED --add-opens=java.base/java.nio.charset=ALL-UNNAMED --add-opens=java.base/java.net=ALL-UNNAMED --add-opens=java.base/java.util.concurrent.atomic=ALL-UNNAMED -Xmx2048m -Dfile.encoding=UTF-8 -Duser.country=419 -Duser.language=es -Duser.variant org.gradle.launcher.daemon.bootstrap.GradleDaemon 7.2

Host: Intel(R) Pentium(R) CPU N4200 @ 1.10GHz, 4 cores, 3G,  Windows 10 , 64 bit Build 10586 (10.0.10586.0)
Time: Thu May  5 22:17:07 2022 Hora de verano central (México) elapsed time: 390.228810 seconds (0d 0h 6m 30s)

---------------  T H R E A D  ---------------

Current thread (0x0000025046c75800):  JavaThread "C2 CompilerThread0" daemon [_thread_in_native, id=1272, stack(0x000000a751f00000,0x000000a752000000)]


Current CompileTask:
C2: 390228 14009   !   4       org.gradle.internal.service.DefaultServiceRegistry$ManagedObjectServiceProvider::getInstance (47 bytes)

Stack: [0x000000a751f00000,0x000000a752000000]
Native frames: (J=compiled Java code, j=interpreted, Vv=VM code, C=native code)
V  [jvm.dll+0x5f214a]
V  [jvm.dll+0x726fb5]
V  [jvm.dll+0x7285cd]
V  [jvm.dll+0x728c83]
V  [jvm.dll+0x243278]
V  [jvm.dll+0xbc53c]
V  [jvm.dll+0xbca3c]
V  [jvm.dll+0x353e7d]
V  [jvm.dll+0x19895c]
V  [jvm.dll+0x1fc2ee]
V  [jvm.dll+0x1fb3d4]
V  [jvm.dll+0x183d6c]
V  [jvm.dll+0x209a57]
V  [jvm.dll+0x2082a1]
V  [jvm.dll+0x6ef58f]
V  [jvm.dll+0x6e80b5]
V  [jvm.dll+0x5f1036]
C  [ucrtbase.dll+0x6be1d]
C  [KERNEL32.DLL+0x18102]
C  [ntdll.dll+0x5c264]


---------------  P R O C E S S  ---------------

Threads class SMR info:
_java_thread_list=0x0000025052e1af70, length=36, elements={
0x000002502bfa6000, 0x00000250462f0800, 0x00000250462f9800, 0x0000025046c70800,
0x0000025046c73800, 0x0000025046c74800, 0x0000025046c75800, 0x0000025046c7a800,
0x0000025046c7e800, 0x0000025046dca000, 0x0000025048125800, 0x0000025049251800,
0x00000250484c9000, 0x00000250492be800, 0x00000250492bf000, 0x00000250492bc000,
0x00000250492bd000, 0x00000250492ba800, 0x00000250492bb000, 0x00000250492c1000,
0x000002504a3a2000, 0x000002504a3a0000, 0x000002504762d000, 0x000002504762c000,
0x000002504762e800, 0x000002504762f800, 0x0000025047633800, 0x0000025047630000,
0x0000025047631000, 0x000002504762d800, 0x0000025047638800, 0x0000025047637800,
0x0000025047639000, 0x0000025047636800, 0x000002504763a000, 0x0000025047635000
}

Java Threads: ( => current thread )
  0x000002502bfa6000 JavaThread "main" [_thread_blocked, id=4176, stack(0x000000a751300000,0x000000a751400000)]
  0x00000250462f0800 JavaThread "Reference Handler" daemon [_thread_blocked, id=812, stack(0x000000a751a00000,0x000000a751b00000)]
  0x00000250462f9800 JavaThread "Finalizer" daemon [_thread_blocked, id=7104, stack(0x000000a751b00000,0x000000a751c00000)]
  0x0000025046c70800 JavaThread "Signal Dispatcher" daemon [_thread_blocked, id=4768, stack(0x000000a751c00000,0x000000a751d00000)]
  0x0000025046c73800 JavaThread "Attach Listener" daemon [_thread_blocked, id=5788, stack(0x000000a751d00000,0x000000a751e00000)]
  0x0000025046c74800 JavaThread "Service Thread" daemon [_thread_blocked, id=944, stack(0x000000a751e00000,0x000000a751f00000)]
=>0x0000025046c75800 JavaThread "C2 CompilerThread0" daemon [_thread_in_native, id=1272, stack(0x000000a751f00000,0x000000a752000000)]
  0x0000025046c7a800 JavaThread "C1 CompilerThread0" daemon [_thread_blocked, id=5000, stack(0x000000a752000000,0x000000a752100000)]
  0x0000025046c7e800 JavaThread "Sweeper thread" daemon [_thread_blocked, id=4228, stack(0x000000a752100000,0x000000a752200000)]
  0x0000025046dca000 JavaThread "Common-Cleaner" daemon [_thread_blocked, id=3812, stack(0x000000a752200000,0x000000a752300000)]
  0x0000025048125800 JavaThread "Daemon health stats" [_thread_blocked, id=4408, stack(0x000000a752700000,0x000000a752800000)]
  0x0000025049251800 JavaThread "Incoming local TCP Connector on port 9806" [_thread_in_native, id=76, stack(0x000000a752800000,0x000000a752900000)]
  0x00000250484c9000 JavaThread "Daemon periodic checks" [_thread_blocked, id=7612, stack(0x000000a752900000,0x000000a752a00000)]
  0x00000250492be800 JavaThread "Cache worker for journal cache (D:\Alondra\AndroidStudioProjects\caches\journal-1)" [_thread_blocked, id=1396, stack(0x000000a753300000,0x000000a753400000)]
  0x00000250492bf000 JavaThread "File lock request listener" [_thread_in_native, id=3796, stack(0x000000a753400000,0x000000a753500000)]
  0x00000250492bc000 JavaThread "Cache worker for file hash cache (D:\Alondra\AndroidStudioProjects\caches\7.2\fileHashes)" [_thread_blocked, id=6028, stack(0x000000a753500000,0x000000a753600000)]
  0x00000250492bd000 JavaThread "jar transforms" [_thread_blocked, id=6112, stack(0x000000a753900000,0x000000a753a00000)]
  0x00000250492ba800 JavaThread "jar transforms Thread 2" [_thread_blocked, id=676, stack(0x000000a753a00000,0x000000a753b00000)]
  0x00000250492bb000 JavaThread "jar transforms Thread 3" [_thread_blocked, id=1840, stack(0x000000a753b00000,0x000000a753c00000)]
  0x00000250492c1000 JavaThread "jar transforms Thread 4" [_thread_blocked, id=6056, stack(0x000000a753c00000,0x000000a753d00000)]
  0x000002504a3a2000 JavaThread "Cache worker for execution history cache (D:\Alondra\AndroidStudioProjects\caches\7.2\executionHistory)" [_thread_blocked, id=7452, stack(0x000000a754000000,0x000000a754100000)]
  0x000002504a3a0000 JavaThread "Cache worker for file content cache (D:\Alondra\AndroidStudioProjects\caches\7.2\fileContent)" [_thread_blocked, id=852, stack(0x000000a754200000,0x000000a754300000)]
  0x000002504762d000 JavaThread "Memory manager" [_thread_blocked, id=7904, stack(0x000000a757700000,0x000000a757800000)]
  0x000002504762c000 JavaThread "Daemon Thread 2" [_thread_blocked, id=7916, stack(0x000000a758c00000,0x000000a758d00000)]
  0x000002504762e800 JavaThread "Handler for socket connection from /127.0.0.1:9806 to /127.0.0.1:9820" [_thread_in_native, id=1476, stack(0x000000a758d00000,0x000000a758e00000)]
  0x000002504762f800 JavaThread "Cancel handler" [_thread_blocked, id=1836, stack(0x000000a758e00000,0x000000a758f00000)]
  0x0000025047633800 JavaThread "Daemon worker Thread 2" [_thread_in_native, id=880, stack(0x000000a758f00000,0x000000a759000000)]
  0x0000025047630000 JavaThread "Asynchronous log dispatcher for DefaultDaemonConnection: socket connection from /127.0.0.1:9806 to /127.0.0.1:9820" [_thread_blocked, id=5060, stack(0x000000a759000000,0x000000a759100000)]
  0x0000025047631000 JavaThread "Stdin handler" [_thread_blocked, id=5572, stack(0x000000a759100000,0x000000a759200000)]
  0x000002504762d800 JavaThread "Daemon client event forwarder" [_thread_blocked, id=7312, stack(0x000000a759200000,0x000000a759300000)]
  0x0000025047638800 JavaThread "Cache worker for file hash cache (D:\Alondra\ROOM\.gradle\7.2\fileHashes)" [_thread_blocked, id=588, stack(0x000000a759300000,0x000000a759400000)]
  0x0000025047637800 JavaThread "Cache worker for checksums cache (D:\Alondra\ROOM\.gradle\checksums)" [_thread_blocked, id=2072, stack(0x000000a759500000,0x000000a759600000)]
  0x0000025047639000 JavaThread "Cache worker for cache directory md-supplier (D:\Alondra\AndroidStudioProjects\caches\7.2\md-supplier)" [_thread_blocked, id=900, stack(0x000000a759600000,0x000000a759700000)]
  0x0000025047636800 JavaThread "Cache worker for cache directory md-rule (D:\Alondra\AndroidStudioProjects\caches\7.2\md-rule)" [_thread_blocked, id=4088, stack(0x000000a759700000,0x000000a759800000)]
  0x000002504763a000 JavaThread "Cache worker for dependencies-accessors (D:\Alondra\ROOM\.gradle\7.2\dependencies-accessors)" [_thread_blocked, id=5420, stack(0x000000a759800000,0x000000a759900000)]
  0x0000025047635000 JavaThread "Cache worker for Build Output Cleanup Cache (D:\Alondra\ROOM\.gradle\buildOutputCleanup)" [_thread_blocked, id=5532, stack(0x000000a759900000,0x000000a759a00000)]

Other Threads:
  0x00000250462eb800 VMThread "VM Thread" [stack: 0x000000a751900000,0x000000a751a00000] [id=5768]
  0x0000025046dd7000 WatcherThread [stack: 0x000000a752300000,0x000000a752400000] [id=7644]
  0x000002502bfbe000 GCTaskThread "GC Thread#0" [stack: 0x000000a751400000,0x000000a751500000] [id=7352]
  0x0000025047305000 GCTaskThread "GC Thread#1" [stack: 0x000000a752500000,0x000000a752600000] [id=6668]
  0x00000250481ed000 GCTaskThread "GC Thread#2" [stack: 0x000000a753100000,0x000000a753200000] [id=2820]
  0x0000025049125000 GCTaskThread "GC Thread#3" [stack: 0x000000a753200000,0x000000a753300000] [id=4600]
  0x000002502bff0800 ConcurrentGCThread "G1 Main Marker" [stack: 0x000000a751500000,0x000000a751600000] [id=4496]
  0x000002502bff1800 ConcurrentGCThread "G1 Conc#0" [stack: 0x000000a751600000,0x000000a751700000] [id=6628]
  0x000002502c054800 ConcurrentGCThread "G1 Refine#0" [stack: 0x000000a751700000,0x000000a751800000] [id=7040]
  0x000002502c055800 ConcurrentGCThread "G1 Young RemSet Sampling" [stack: 0x000000a751800000,0x000000a751900000] [id=5240]

Threads with active compile tasks:
C2 CompilerThread0 390310 14009   !   4       org.gradle.internal.service.DefaultServiceRegistry$ManagedObjectServiceProvider::getInstance (47 bytes)

VM state:not at safepoint (normal execution)

VM Mutex/Monitor currently owned by a thread: None

Heap address: 0x0000000080000000, size: 2048 MB, Compressed Oops mode: 32-bit
Narrow klass base: 0x0000000000000000, Narrow klass shift: 3
Compressed class space size: 1073741824 Address: 0x0000000100000000

Heap:
 garbage-first heap   total 192512K, used 149455K [0x0000000080000000, 0x0000000100000000)
  region size 1024K, 16 young (16384K), 2 survivors (2048K)
 Metaspace       used 117685K, capacity 120558K, committed 120880K, reserved 1155072K
  class space    used 15065K, capacity 16151K, committed 16256K, reserved 1048576K
Heap Regions: E=young(eden), S=young(survivor), O=old, HS=humongous(starts), HC=humongous(continues), CS=collection set, F=free, A=archive, TAMS=top-at-mark-start (previous, next)
|   0|0x0000000080000000, 0x0000000080100000, 0x0000000080100000|100%| O|  |TAMS 0x0000000080100000, 0x0000000080000000| Untracked 
|   1|0x0000000080100000, 0x0000000080200000, 0x0000000080200000|100%| O|  |TAMS 0x0000000080200000, 0x0000000080100000| Untracked 
|   2|0x0000000080200000, 0x0000000080300000, 0x0000000080300000|100%| O|  |TAMS 0x0000000080300000, 0x0000000080200000| Untracked 
|   3|0x0000000080300000, 0x0000000080400000, 0x0000000080400000|100%|HS|  |TAMS 0x0000000080400000, 0x0000000080300000| Complete 
|   4|0x0000000080400000, 0x0000000080500000, 0x0000000080500000|100%|HC|  |TAMS 0x0000000080500000, 0x0000000080400000| Complete 
|   5|0x0000000080500000, 0x0000000080600000, 0x0000000080600000|100%|HC|  |TAMS 0x0000000080600000, 0x0000000080500000| Complete 
|   6|0x0000000080600000, 0x0000000080700000, 0x0000000080700000|100%| O|  |TAMS 0x0000000080700000, 0x0000000080600000| Untracked 
|   7|0x0000000080700000, 0x0000000080800000, 0x0000000080800000|100%| O|  |TAMS 0x0000000080800000, 0x0000000080700000| Untracked 
|   8|0x0000000080800000, 0x0000000080900000, 0x0000000080900000|100%| O|  |TAMS 0x0000000080900000, 0x0000000080800000| Untracked 
|   9|0x0000000080900000, 0x0000000080a00000, 0x0000000080a00000|100%| O|  |TAMS 0x0000000080a00000, 0x0000000080900000| Untracked 
|  10|0x0000000080a00000, 0x0000000080b00000, 0x0000000080b00000|100%| O|  |TAMS 0x0000000080b00000, 0x0000000080a00000| Untracked 
|  11|0x0000000080b00000, 0x0000000080c00000, 0x0000000080c00000|100%| O|  |TAMS 0x0000000080c00000, 0x0000000080b00000| Untracked 
|  12|0x0000000080c00000, 0x0000000080d00000, 0x0000000080d00000|100%| O|  |TAMS 0x0000000080d00000, 0x0000000080c00000| Untracked 
|  13|0x0000000080d00000, 0x0000000080e00000, 0x0000000080e00000|100%| O|  |TAMS 0x0000000080e00000, 0x0000000080d00000| Untracked 
|  14|0x0000000080e00000, 0x0000000080f00000, 0x0000000080f00000|100%| O|  |TAMS 0x0000000080f00000, 0x0000000080e00000| Untracked 
|  15|0x0000000080f00000, 0x0000000081000000, 0x0000000081000000|100%| O|  |TAMS 0x0000000081000000, 0x0000000080f00000| Untracked 
|  16|0x0000000081000000, 0x0000000081100000, 0x0000000081100000|100%|HS|  |TAMS 0x0000000081100000, 0x0000000081000000| Complete 
|  17|0x0000000081100000, 0x0000000081200000, 0x0000000081200000|100%|HC|  |TAMS 0x0000000081200000, 0x0000000081100000| Complete 
|  18|0x0000000081200000, 0x0000000081300000, 0x0000000081300000|100%|HS|  |TAMS 0x0000000081300000, 0x0000000081200000| Complete 
|  19|0x0000000081300000, 0x0000000081400000, 0x0000000081400000|100%|HC|  |TAMS 0x0000000081400000, 0x0000000081300000| Complete 
|  20|0x0000000081400000, 0x0000000081500000, 0x0000000081500000|100%|HC|  |TAMS 0x0000000081500000, 0x0000000081400000| Complete 
|  21|0x0000000081500000, 0x0000000081600000, 0x0000000081600000|100%|HS|  |TAMS 0x0000000081600000, 0x0000000081500000| Complete 
|  22|0x0000000081600000, 0x0000000081700000, 0x0000000081700000|100%|HC|  |TAMS 0x0000000081700000, 0x0000000081600000| Complete 
|  23|0x0000000081700000, 0x0000000081800000, 0x0000000081800000|100%|HC|  |TAMS 0x0000000081800000, 0x0000000081700000| Complete 
|  24|0x0000000081800000, 0x0000000081900000, 0x0000000081900000|100%|HC|  |TAMS 0x0000000081900000, 0x0000000081800000| Complete 
|  25|0x0000000081900000, 0x0000000081a00000, 0x0000000081a00000|100%| O|  |TAMS 0x0000000081a00000, 0x0000000081900000| Untracked 
|  26|0x0000000081a00000, 0x0000000081b00000, 0x0000000081b00000|100%| O|  |TAMS 0x0000000081b00000, 0x0000000081a00000| Untracked 
|  27|0x0000000081b00000, 0x0000000081c00000, 0x0000000081c00000|100%| O|  |TAMS 0x0000000081c00000, 0x0000000081b00000| Untracked 
|  28|0x0000000081c00000, 0x0000000081d00000, 0x0000000081d00000|100%| O|  |TAMS 0x0000000081d00000, 0x0000000081c00000| Untracked 
|  29|0x0000000081d00000, 0x0000000081e00000, 0x0000000081e00000|100%| O|  |TAMS 0x0000000081e00000, 0x0000000081d00000| Untracked 
|  30|0x0000000081e00000, 0x0000000081f00000, 0x0000000081f00000|100%| O|  |TAMS 0x0000000081f00000, 0x0000000081e00000| Untracked 
|  31|0x0000000081f00000, 0x0000000082000000, 0x0000000082000000|100%| O|  |TAMS 0x0000000082000000, 0x0000000081f00000| Untracked 
|  32|0x0000000082000000, 0x0000000082100000, 0x0000000082100000|100%| O|  |TAMS 0x0000000082100000, 0x0000000082000000| Untracked 
|  33|0x0000000082100000, 0x0000000082200000, 0x0000000082200000|100%| O|  |TAMS 0x0000000082200000, 0x0000000082100000| Untracked 
|  34|0x0000000082200000, 0x0000000082300000, 0x0000000082300000|100%| O|  |TAMS 0x0000000082300000, 0x0000000082200000| Untracked 
|  35|0x0000000082300000, 0x0000000082400000, 0x0000000082400000|100%| O|  |TAMS 0x0000000082400000, 0x0000000082300000| Untracked 
|  36|0x0000000082400000, 0x0000000082500000, 0x0000000082500000|100%| O|  |TAMS 0x0000000082500000, 0x0000000082400000| Untracked 
|  37|0x0000000082500000, 0x0000000082600000, 0x0000000082600000|100%| O|  |TAMS 0x0000000082600000, 0x0000000082500000| Untracked 
|  38|0x0000000082600000, 0x0000000082700000, 0x0000000082700000|100%| O|  |TAMS 0x0000000082700000, 0x0000000082600000| Untracked 
|  39|0x0000000082700000, 0x0000000082800000, 0x0000000082800000|100%| O|  |TAMS 0x0000000082800000, 0x0000000082700000| Untracked 
|  40|0x0000000082800000, 0x0000000082900000, 0x0000000082900000|100%| O|  |TAMS 0x0000000082900000, 0x0000000082800000| Untracked 
|  41|0x0000000082900000, 0x0000000082a00000, 0x0000000082a00000|100%| O|  |TAMS 0x0000000082a00000, 0x0000000082900000| Untracked 
|  42|0x0000000082a00000, 0x0000000082b00000, 0x0000000082b00000|100%| O|  |TAMS 0x0000000082b00000, 0x0000000082a00000| Untracked 
|  43|0x0000000082b00000, 0x0000000082c00000, 0x0000000082c00000|100%|HS|  |TAMS 0x0000000082c00000, 0x0000000082b00000| Complete 
|  44|0x0000000082c00000, 0x0000000082d00000, 0x0000000082d00000|100%|HC|  |TAMS 0x0000000082d00000, 0x0000000082c00000| Complete 
|  45|0x0000000082d00000, 0x0000000082e00000, 0x0000000082e00000|100%|HC|  |TAMS 0x0000000082e00000, 0x0000000082d00000| Complete 
|  46|0x0000000082e00000, 0x0000000082f00000, 0x0000000082f00000|100%| O|  |TAMS 0x0000000082f00000, 0x0000000082e00000| Untracked 
|  47|0x0000000082f00000, 0x0000000083000000, 0x0000000083000000|100%| O|  |TAMS 0x0000000083000000, 0x0000000082f00000| Untracked 
|  48|0x0000000083000000, 0x0000000083100000, 0x0000000083100000|100%| O|  |TAMS 0x0000000083100000, 0x0000000083000000| Untracked 
|  49|0x0000000083100000, 0x0000000083200000, 0x0000000083200000|100%|HS|  |TAMS 0x0000000083200000, 0x0000000083100000| Complete 
|  50|0x0000000083200000, 0x0000000083300000, 0x0000000083300000|100%|HC|  |TAMS 0x0000000083300000, 0x0000000083200000| Complete 
|  51|0x0000000083300000, 0x0000000083400000, 0x0000000083400000|100%|HC|  |TAMS 0x0000000083400000, 0x0000000083300000| Complete 
|  52|0x0000000083400000, 0x0000000083500000, 0x0000000083500000|100%|HC|  |TAMS 0x0000000083500000, 0x0000000083400000| Complete 
|  53|0x0000000083500000, 0x0000000083600000, 0x0000000083600000|100%| O|  |TAMS 0x0000000083600000, 0x0000000083500000| Untracked 
|  54|0x0000000083600000, 0x0000000083700000, 0x0000000083700000|100%| O|  |TAMS 0x0000000083700000, 0x0000000083600000| Untracked 
|  55|0x0000000083700000, 0x0000000083800000, 0x0000000083800000|100%| O|  |TAMS 0x0000000083800000, 0x0000000083700000| Untracked 
|  56|0x0000000083800000, 0x0000000083900000, 0x0000000083900000|100%| O|  |TAMS 0x0000000083900000, 0x0000000083800000| Untracked 
|  57|0x0000000083900000, 0x0000000083a00000, 0x0000000083a00000|100%| O|  |TAMS 0x0000000083a00000, 0x0000000083900000| Untracked 
|  58|0x0000000083a00000, 0x0000000083b00000, 0x0000000083b00000|100%|HS|  |TAMS 0x0000000083b00000, 0x0000000083a00000| Complete 
|  59|0x0000000083b00000, 0x0000000083c00000, 0x0000000083c00000|100%|HS|  |TAMS 0x0000000083c00000, 0x0000000083b00000| Complete 
|  60|0x0000000083c00000, 0x0000000083d00000, 0x0000000083d00000|100%|HS|  |TAMS 0x0000000083d00000, 0x0000000083c00000| Complete 
|  61|0x0000000083d00000, 0x0000000083e00000, 0x0000000083e00000|100%| O|  |TAMS 0x0000000083e00000, 0x0000000083d00000| Untracked 
|  62|0x0000000083e00000, 0x0000000083f00000, 0x0000000083f00000|100%| O|  |TAMS 0x0000000083f00000, 0x0000000083e00000| Untracked 
|  63|0x0000000083f00000, 0x0000000084000000, 0x0000000084000000|100%|HS|  |TAMS 0x0000000084000000, 0x0000000083f00000| Complete 
|  64|0x0000000084000000, 0x0000000084100000, 0x0000000084100000|100%|HS|  |TAMS 0x0000000084100000, 0x0000000084000000| Complete 
|  65|0x0000000084100000, 0x0000000084200000, 0x0000000084200000|100%|HC|  |TAMS 0x0000000084200000, 0x0000000084100000| Complete 
|  66|0x0000000084200000, 0x0000000084300000, 0x0000000084300000|100%|HC|  |TAMS 0x0000000084300000, 0x0000000084200000| Complete 
|  67|0x0000000084300000, 0x0000000084400000, 0x0000000084400000|100%| O|  |TAMS 0x0000000084400000, 0x0000000084300000| Untracked 
|  68|0x0000000084400000, 0x0000000084500000, 0x0000000084500000|100%| O|  |TAMS 0x0000000084500000, 0x0000000084400000| Untracked 
|  69|0x0000000084500000, 0x0000000084600000, 0x0000000084600000|100%| O|  |TAMS 0x0000000084600000, 0x0000000084500000| Untracked 
|  70|0x0000000084600000, 0x0000000084700000, 0x0000000084700000|100%|HS|  |TAMS 0x0000000084700000, 0x0000000084600000| Complete 
|  71|0x0000000084700000, 0x0000000084800000, 0x0000000084800000|100%|HC|  |TAMS 0x0000000084800000, 0x0000000084700000| Complete 
|  72|0x0000000084800000, 0x0000000084900000, 0x0000000084900000|100%| O|  |TAMS 0x0000000084900000, 0x0000000084800000| Untracked 
|  73|0x0000000084900000, 0x0000000084a00000, 0x0000000084a00000|100%| O|  |TAMS 0x0000000084a00000, 0x0000000084900000| Untracked 
|  74|0x0000000084a00000, 0x0000000084b00000, 0x0000000084b00000|100%| O|  |TAMS 0x0000000084b00000, 0x0000000084a00000| Untracked 
|  75|0x0000000084b00000, 0x0000000084c00000, 0x0000000084c00000|100%| O|  |TAMS 0x0000000084c00000, 0x0000000084b00000| Untracked 
|  76|0x0000000084c00000, 0x0000000084d00000, 0x0000000084d00000|100%| O|  |TAMS 0x0000000084d00000, 0x0000000084c00000| Untracked 
|  77|0x0000000084d00000, 0x0000000084e00000, 0x0000000084e00000|100%| O|  |TAMS 0x0000000084e00000, 0x0000000084d00000| Untracked 
|  78|0x0000000084e00000, 0x0000000084f00000, 0x0000000084f00000|100%| O|  |TAMS 0x0000000084f00000, 0x0000000084e00000| Untracked 
|  79|0x0000000084f00000, 0x0000000085000000, 0x0000000085000000|100%| O|  |TAMS 0x0000000085000000, 0x0000000084f00000| Untracked 
|  80|0x0000000085000000, 0x0000000085100000, 0x0000000085100000|100%| O|  |TAMS 0x0000000085100000, 0x0000000085000000| Untracked 
|  81|0x0000000085100000, 0x0000000085200000, 0x0000000085200000|100%| O|  |TAMS 0x0000000085200000, 0x0000000085100000| Untracked 
|  82|0x0000000085200000, 0x0000000085300000, 0x0000000085300000|100%| O|  |TAMS 0x0000000085300000, 0x0000000085200000| Untracked 
|  83|0x0000000085300000, 0x0000000085400000, 0x0000000085400000|100%| O|  |TAMS 0x0000000085400000, 0x0000000085300000| Untracked 
|  84|0x0000000085400000, 0x0000000085500000, 0x0000000085500000|100%| O|  |TAMS 0x0000000085500000, 0x0000000085400000| Untracked 
|  85|0x0000000085500000, 0x0000000085600000, 0x0000000085600000|100%| O|  |TAMS 0x0000000085600000, 0x0000000085500000| Untracked 
|  86|0x0000000085600000, 0x0000000085700000, 0x0000000085700000|100%| O|  |TAMS 0x0000000085700000, 0x0000000085600000| Untracked 
|  87|0x0000000085700000, 0x0000000085800000, 0x0000000085800000|100%| O|  |TAMS 0x0000000085800000, 0x0000000085700000| Untracked 
|  88|0x0000000085800000, 0x0000000085900000, 0x0000000085900000|100%| O|  |TAMS 0x0000000085900000, 0x0000000085800000| Untracked 
|  89|0x0000000085900000, 0x0000000085a00000, 0x0000000085a00000|100%| O|  |TAMS 0x0000000085a00000, 0x0000000085900000| Untracked 
|  90|0x0000000085a00000, 0x0000000085b00000, 0x0000000085b00000|100%| O|  |TAMS 0x0000000085b00000, 0x0000000085a00000| Untracked 
|  91|0x0000000085b00000, 0x0000000085c00000, 0x0000000085c00000|100%| O|  |TAMS 0x0000000085c00000, 0x0000000085b00000| Untracked 
|  92|0x0000000085c00000, 0x0000000085d00000, 0x0000000085d00000|100%| O|  |TAMS 0x0000000085d00000, 0x0000000085c00000| Untracked 
|  93|0x0000000085d00000, 0x0000000085e00000, 0x0000000085e00000|100%|HS|  |TAMS 0x0000000085e00000, 0x0000000085d00000| Complete 
|  94|0x0000000085e00000, 0x0000000085f00000, 0x0000000085f00000|100%|HC|  |TAMS 0x0000000085f00000, 0x0000000085e00000| Complete 
|  95|0x0000000085f00000, 0x0000000086000000, 0x0000000086000000|100%|HS|  |TAMS 0x0000000086000000, 0x0000000085f00000| Complete 
|  96|0x0000000086000000, 0x0000000086100000, 0x0000000086100000|100%|HC|  |TAMS 0x0000000086100000, 0x0000000086000000| Complete 
|  97|0x0000000086100000, 0x0000000086200000, 0x0000000086200000|100%|HC|  |TAMS 0x0000000086200000, 0x0000000086100000| Complete 
|  98|0x0000000086200000, 0x0000000086300000, 0x0000000086300000|100%|HS|  |TAMS 0x0000000086300000, 0x0000000086200000| Complete 
|  99|0x0000000086300000, 0x0000000086400000, 0x0000000086400000|100%|HC|  |TAMS 0x0000000086400000, 0x0000000086300000| Complete 
| 100|0x0000000086400000, 0x0000000086500000, 0x0000000086500000|100%|HC|  |TAMS 0x0000000086500000, 0x0000000086400000| Complete 
| 101|0x0000000086500000, 0x0000000086600000, 0x0000000086600000|100%|HC|  |TAMS 0x0000000086600000, 0x0000000086500000| Complete 
| 102|0x0000000086600000, 0x0000000086700000, 0x0000000086700000|100%| O|  |TAMS 0x0000000086700000, 0x0000000086600000| Untracked 
| 103|0x0000000086700000, 0x0000000086800000, 0x0000000086800000|100%| O|  |TAMS 0x0000000086800000, 0x0000000086700000| Untracked 
| 104|0x0000000086800000, 0x0000000086900000, 0x0000000086900000|100%| O|  |TAMS 0x0000000086900000, 0x0000000086800000| Untracked 
| 105|0x0000000086900000, 0x0000000086a00000, 0x0000000086a00000|100%| O|  |TAMS 0x0000000086a00000, 0x0000000086900000| Untracked 
| 106|0x0000000086a00000, 0x0000000086b00000, 0x0000000086b00000|100%| O|  |TAMS 0x0000000086b00000, 0x0000000086a00000| Untracked 
| 107|0x0000000086b00000, 0x0000000086c00000, 0x0000000086c00000|100%| O|  |TAMS 0x0000000086c00000, 0x0000000086b00000| Untracked 
| 108|0x0000000086c00000, 0x0000000086d00000, 0x0000000086d00000|100%| O|  |TAMS 0x0000000086d00000, 0x0000000086c00000| Untracked 
| 109|0x0000000086d00000, 0x0000000086e00000, 0x0000000086e00000|100%| O|  |TAMS 0x0000000086e00000, 0x0000000086d00000| Untracked 
| 110|0x0000000086e00000, 0x0000000086f00000, 0x0000000086f00000|100%| O|  |TAMS 0x0000000086f00000, 0x0000000086e00000| Untracked 
| 111|0x0000000086f00000, 0x0000000087000000, 0x0000000087000000|100%| O|  |TAMS 0x0000000087000000, 0x0000000086f00000| Untracked 
| 112|0x0000000087000000, 0x0000000087100000, 0x0000000087100000|100%| O|  |TAMS 0x0000000087100000, 0x0000000087000000| Untracked 
| 113|0x0000000087100000, 0x0000000087200000, 0x0000000087200000|100%| O|  |TAMS 0x0000000087200000, 0x0000000087100000| Untracked 
| 114|0x0000000087200000, 0x0000000087300000, 0x0000000087300000|100%| O|  |TAMS 0x0000000087300000, 0x0000000087200000| Untracked 
| 115|0x0000000087300000, 0x0000000087400000, 0x0000000087400000|100%| O|  |TAMS 0x0000000087400000, 0x0000000087300000| Untracked 
| 116|0x0000000087400000, 0x0000000087500000, 0x0000000087500000|100%| O|  |TAMS 0x0000000087500000, 0x0000000087400000| Untracked 
| 117|0x0000000087500000, 0x0000000087600000, 0x0000000087600000|100%| O|  |TAMS 0x0000000087600000, 0x0000000087500000| Untracked 
| 118|0x0000000087600000, 0x0000000087700000, 0x0000000087700000|100%| O|  |TAMS 0x0000000087700000, 0x0000000087600000| Untracked 
| 119|0x0000000087700000, 0x0000000087800000, 0x0000000087800000|100%| O|  |TAMS 0x0000000087800000, 0x0000000087700000| Untracked 
| 120|0x0000000087800000, 0x0000000087900000, 0x0000000087900000|100%| O|  |TAMS 0x0000000087900000, 0x0000000087800000| Untracked 
| 121|0x0000000087900000, 0x0000000087a00000, 0x0000000087a00000|100%| O|  |TAMS 0x0000000087a00000, 0x0000000087900000| Untracked 
| 122|0x0000000087a00000, 0x0000000087b00000, 0x0000000087b00000|100%| O|  |TAMS 0x0000000087b00000, 0x0000000087a00000| Untracked 
| 123|0x0000000087b00000, 0x0000000087c00000, 0x0000000087c00000|100%| O|  |TAMS 0x0000000087c00000, 0x0000000087b00000| Untracked 
| 124|0x0000000087c00000, 0x0000000087d00000, 0x0000000087d00000|100%| O|  |TAMS 0x0000000087d00000, 0x0000000087c00000| Untracked 
| 125|0x0000000087d00000, 0x0000000087e00000, 0x0000000087e00000|100%| O|  |TAMS 0x0000000087e00000, 0x0000000087d00000| Untracked 
| 126|0x0000000087e00000, 0x0000000087f00000, 0x0000000087f00000|100%| O|  |TAMS 0x0000000087f00000, 0x0000000087e00000| Untracked 
| 127|0x0000000087f00000, 0x0000000087f00000, 0x0000000088000000|  0%| F|  |TAMS 0x0000000087f00000, 0x0000000087f00000| Untracked 
| 128|0x0000000088000000, 0x0000000088100000, 0x0000000088100000|100%| O|  |TAMS 0x0000000088100000, 0x0000000088000000| Untracked 
| 129|0x0000000088100000, 0x0000000088200000, 0x0000000088200000|100%| O|  |TAMS 0x0000000088200000, 0x0000000088100000| Untracked 
| 130|0x0000000088200000, 0x0000000088200000, 0x0000000088300000|  0%| F|  |TAMS 0x0000000088200000, 0x0000000088200000| Untracked 
| 131|0x0000000088300000, 0x0000000088300000, 0x0000000088400000|  0%| F|  |TAMS 0x0000000088300000, 0x0000000088300000| Untracked 
| 132|0x0000000088400000, 0x0000000088400000, 0x0000000088500000|  0%| F|  |TAMS 0x0000000088400000, 0x0000000088400000| Untracked 
| 133|0x0000000088500000, 0x0000000088600000, 0x0000000088600000|100%| O|  |TAMS 0x0000000088600000, 0x0000000088500000| Untracked 
| 134|0x0000000088600000, 0x00000000886f7800, 0x0000000088700000| 96%| O|  |TAMS 0x00000000886f7800, 0x0000000088600000| Untracked 
| 135|0x0000000088700000, 0x0000000088700000, 0x0000000088800000|  0%| F|  |TAMS 0x0000000088700000, 0x0000000088700000| Untracked 
| 136|0x0000000088800000, 0x0000000088800000, 0x0000000088900000|  0%| F|  |TAMS 0x0000000088800000, 0x0000000088800000| Untracked 
| 137|0x0000000088900000, 0x0000000088900000, 0x0000000088a00000|  0%| F|  |TAMS 0x0000000088900000, 0x0000000088900000| Untracked 
| 138|0x0000000088a00000, 0x0000000088a00000, 0x0000000088b00000|  0%| F|  |TAMS 0x0000000088a00000, 0x0000000088a00000| Untracked 
| 139|0x0000000088b00000, 0x0000000088b00000, 0x0000000088c00000|  0%| F|  |TAMS 0x0000000088b00000, 0x0000000088b00000| Untracked 
| 140|0x0000000088c00000, 0x0000000088c00000, 0x0000000088d00000|  0%| F|  |TAMS 0x0000000088c00000, 0x0000000088c00000| Untracked 
| 141|0x0000000088d00000, 0x0000000088d00000, 0x0000000088e00000|  0%| F|  |TAMS 0x0000000088d00000, 0x0000000088d00000| Untracked 
| 142|0x0000000088e00000, 0x0000000088e00000, 0x0000000088f00000|  0%| F|  |TAMS 0x0000000088e00000, 0x0000000088e00000| Untracked 
| 143|0x0000000088f00000, 0x0000000088f00000, 0x0000000089000000|  0%| F|  |TAMS 0x0000000088f00000, 0x0000000088f00000| Untracked 
| 144|0x0000000089000000, 0x0000000089000000, 0x0000000089100000|  0%| F|  |TAMS 0x0000000089000000, 0x0000000089000000| Untracked 
| 145|0x0000000089100000, 0x0000000089100000, 0x0000000089200000|  0%| F|  |TAMS 0x0000000089100000, 0x0000000089100000| Untracked 
| 146|0x0000000089200000, 0x0000000089200000, 0x0000000089300000|  0%| F|  |TAMS 0x0000000089200000, 0x0000000089200000| Untracked 
| 147|0x0000000089300000, 0x0000000089300000, 0x0000000089400000|  0%| F|  |TAMS 0x0000000089300000, 0x0000000089300000| Untracked 
| 148|0x0000000089400000, 0x0000000089400000, 0x0000000089500000|  0%| F|  |TAMS 0x0000000089400000, 0x0000000089400000| Untracked 
| 149|0x0000000089500000, 0x0000000089500000, 0x0000000089600000|  0%| F|  |TAMS 0x0000000089500000, 0x0000000089500000| Untracked 
| 150|0x0000000089600000, 0x0000000089600000, 0x0000000089700000|  0%| F|  |TAMS 0x0000000089600000, 0x0000000089600000| Untracked 
| 151|0x0000000089700000, 0x0000000089700000, 0x0000000089800000|  0%| F|  |TAMS 0x0000000089700000, 0x0000000089700000| Untracked 
| 152|0x0000000089800000, 0x0000000089800000, 0x0000000089900000|  0%| F|  |TAMS 0x0000000089800000, 0x0000000089800000| Untracked 
| 153|0x0000000089900000, 0x0000000089900000, 0x0000000089a00000|  0%| F|  |TAMS 0x0000000089900000, 0x0000000089900000| Untracked 
| 154|0x0000000089a00000, 0x0000000089a00000, 0x0000000089b00000|  0%| F|  |TAMS 0x0000000089a00000, 0x0000000089a00000| Untracked 
| 155|0x0000000089b00000, 0x0000000089b00000, 0x0000000089c00000|  0%| F|  |TAMS 0x0000000089b00000, 0x0000000089b00000| Untracked 
| 156|0x0000000089c00000, 0x0000000089c00000, 0x0000000089d00000|  0%| F|  |TAMS 0x0000000089c00000, 0x0000000089c00000| Untracked 
| 157|0x0000000089d00000, 0x0000000089d00000, 0x0000000089e00000|  0%| F|  |TAMS 0x0000000089d00000, 0x0000000089d00000| Untracked 
| 158|0x0000000089e00000, 0x0000000089e00000, 0x0000000089f00000|  0%| F|  |TAMS 0x0000000089e00000, 0x0000000089e00000| Untracked 
| 159|0x0000000089f00000, 0x0000000089f00000, 0x000000008a000000|  0%| F|  |TAMS 0x0000000089f00000, 0x0000000089f00000| Untracked 
| 160|0x000000008a000000, 0x000000008a000000, 0x000000008a100000|  0%| F|  |TAMS 0x000000008a000000, 0x000000008a000000| Untracked 
| 161|0x000000008a100000, 0x000000008a100000, 0x000000008a200000|  0%| F|  |TAMS 0x000000008a100000, 0x000000008a100000| Untracked 
| 162|0x000000008a200000, 0x000000008a200000, 0x000000008a300000|  0%| F|  |TAMS 0x000000008a200000, 0x000000008a200000| Untracked 
| 163|0x000000008a300000, 0x000000008a3fc798, 0x000000008a400000| 98%| S|CS|TAMS 0x000000008a300000, 0x000000008a300000| Complete 
| 164|0x000000008a400000, 0x000000008a500000, 0x000000008a500000|100%| S|CS|TAMS 0x000000008a400000, 0x000000008a400000| Complete 
| 165|0x000000008a500000, 0x000000008a500000, 0x000000008a600000|  0%| F|  |TAMS 0x000000008a500000, 0x000000008a500000| Untracked 
| 166|0x000000008a600000, 0x000000008a600000, 0x000000008a700000|  0%| F|  |TAMS 0x000000008a600000, 0x000000008a600000| Untracked 
| 167|0x000000008a700000, 0x000000008a700000, 0x000000008a800000|  0%| F|  |TAMS 0x000000008a700000, 0x000000008a700000| Untracked 
| 168|0x000000008a800000, 0x000000008a800000, 0x000000008a900000|  0%| F|  |TAMS 0x000000008a800000, 0x000000008a800000| Untracked 
| 169|0x000000008a900000, 0x000000008a900000, 0x000000008aa00000|  0%| F|  |TAMS 0x000000008a900000, 0x000000008a900000| Untracked 
| 170|0x000000008aa00000, 0x000000008aa00000, 0x000000008ab00000|  0%| F|  |TAMS 0x000000008aa00000, 0x000000008aa00000| Untracked 
| 171|0x000000008ab00000, 0x000000008ab00000, 0x000000008ac00000|  0%| F|  |TAMS 0x000000008ab00000, 0x000000008ab00000| Untracked 
| 172|0x000000008ac00000, 0x000000008ac00000, 0x000000008ad00000|  0%| F|  |TAMS 0x000000008ac00000, 0x000000008ac00000| Untracked 
| 173|0x000000008ad00000, 0x000000008ad00800, 0x000000008ae00000|  0%| E|  |TAMS 0x000000008ad00000, 0x000000008ad00000| Complete 
| 174|0x000000008ae00000, 0x000000008af00000, 0x000000008af00000|100%| E|CS|TAMS 0x000000008ae00000, 0x000000008ae00000| Complete 
| 175|0x000000008af00000, 0x000000008b000000, 0x000000008b000000|100%| E|CS|TAMS 0x000000008af00000, 0x000000008af00000| Complete 
| 176|0x000000008b000000, 0x000000008b100000, 0x000000008b100000|100%| E|CS|TAMS 0x000000008b000000, 0x000000008b000000| Complete 
| 177|0x000000008b100000, 0x000000008b200000, 0x000000008b200000|100%| E|CS|TAMS 0x000000008b100000, 0x000000008b100000| Complete 
| 178|0x000000008b200000, 0x000000008b300000, 0x000000008b300000|100%| E|CS|TAMS 0x000000008b200000, 0x000000008b200000| Complete 
| 179|0x000000008b300000, 0x000000008b400000, 0x000000008b400000|100%| E|CS|TAMS 0x000000008b300000, 0x000000008b300000| Complete 
| 180|0x000000008b400000, 0x000000008b500000, 0x000000008b500000|100%| E|CS|TAMS 0x000000008b400000, 0x000000008b400000| Complete 
| 181|0x000000008b500000, 0x000000008b600000, 0x000000008b600000|100%| E|CS|TAMS 0x000000008b500000, 0x000000008b500000| Complete 
| 182|0x000000008b600000, 0x000000008b700000, 0x000000008b700000|100%| E|CS|TAMS 0x000000008b600000, 0x000000008b600000| Complete 
| 183|0x000000008b700000, 0x000000008b800000, 0x000000008b800000|100%| E|CS|TAMS 0x000000008b700000, 0x000000008b700000| Complete 
| 184|0x000000008b800000, 0x000000008b900000, 0x000000008b900000|100%| E|CS|TAMS 0x000000008b800000, 0x000000008b800000| Complete 
| 185|0x000000008b900000, 0x000000008ba00000, 0x000000008ba00000|100%| E|CS|TAMS 0x000000008b900000, 0x000000008b900000| Complete 
| 186|0x000000008ba00000, 0x000000008bb00000, 0x000000008bb00000|100%| E|CS|TAMS 0x000000008ba00000, 0x000000008ba00000| Complete 
| 187|0x000000008bb00000, 0x000000008bc00000, 0x000000008bc00000|100%| E|CS|TAMS 0x000000008bb00000, 0x000000008bb00000| Complete 

Card table byte_map: [0x000002503f4e0000,0x000002503f8e0000] _byte_map_base: 0x000002503f0e0000

Marking Bits (Prev, Next): (CMBitMap*) 0x000002502bfe7820, (CMBitMap*) 0x000002502bfe77e8
 Prev Bits: [0x0000025041ce0000, 0x0000025043ce0000)
 Next Bits: [0x000002503fce0000, 0x0000025041ce0000)

Polling page: 0x000002502a970000

Metaspace:

Usage:
  Non-class:    101.96 MB capacity,   100.21 MB ( 98%) used,     1.43 MB (  1%) free+waste,   327.63 KB ( <1%) overhead. 
      Class:     15.77 MB capacity,    14.71 MB ( 93%) used,   935.63 KB (  6%) free+waste,   150.13 KB ( <1%) overhead. 
       Both:    117.73 MB capacity,   114.93 MB ( 98%) used,     2.34 MB (  2%) free+waste,   477.75 KB ( <1%) overhead. 

Virtual space:
  Non-class space:      104.00 MB reserved,     102.17 MB ( 98%) committed 
      Class space:        1.00 GB reserved,      15.88 MB (  2%) committed 
             Both:        1.10 GB reserved,     118.05 MB ( 10%) committed 

Chunk freelists:
   Non-Class:  1.00 KB
       Class:  0 bytes
        Both:  1.00 KB

MaxMetaspaceSize: 17179869184.00 GB
CompressedClassSpaceSize: 1.00 GB

CodeHeap 'non-profiled nmethods': size=120064Kb used=9007Kb max_used=9007Kb free=111056Kb
 bounds [0x0000025037570000, 0x0000025037e40000, 0x000002503eab0000]
CodeHeap 'profiled nmethods': size=120000Kb used=31423Kb max_used=31423Kb free=88577Kb
 bounds [0x0000025030040000, 0x0000025031ef0000, 0x0000025037570000]
CodeHeap 'non-nmethods': size=5696Kb used=2346Kb max_used=2400Kb free=3349Kb
 bounds [0x000002502fab0000, 0x000002502fd20000, 0x0000025030040000]
 total_blobs=14960 nmethods=13977 adapters=895
 compilation: enabled
              stopped_count=0, restarted_count=0
 full_count=0

Compilation events (20 events):
Event: 389.744 Thread 0x0000025046c7a800 14060       3       java.util.Collections$SingletonList::spliterator (8 bytes)
Event: 389.744 Thread 0x0000025046c7a800 nmethod 14060 0x0000025031edf110 code [0x0000025031edf2e0, 0x0000025031edf5b8]
Event: 389.744 Thread 0x0000025046c7a800 14061       3       org.gradle.internal.component.external.model.JavaEcosystemVariantDerivationStrategy::buildShadowPlatformCapability (50 bytes)
Event: 389.745 Thread 0x0000025046c7a800 nmethod 14061 0x0000025031edf710 code [0x0000025031edf960, 0x0000025031ee0288]
Event: 389.745 Thread 0x0000025046c7a800 14062       3       org.gradle.internal.component.external.model.JavaEcosystemVariantDerivationStrategy::libraryWithUsageAttribute (26 bytes)
Event: 389.746 Thread 0x0000025046c7a800 nmethod 14062 0x0000025031ee0590 code [0x0000025031ee07c0, 0x0000025031ee0ea8]
Event: 389.746 Thread 0x0000025046c7a800 14063       3       org.gradle.api.internal.artifacts.repositories.metadata.DefaultMavenImmutableAttributesFactory::libraryWithUsage (119 bytes)
Event: 389.748 Thread 0x0000025046c7a800 nmethod 14063 0x0000025031ee1110 code [0x0000025031ee1400, 0x0000025031ee25f8]
Event: 389.766 Thread 0x0000025046c7a800 14064       3       org.gradle.internal.component.external.model.DefaultConfigurationMetadata$DependencyFilter::forcing (58 bytes)
Event: 389.767 Thread 0x0000025046c7a800 nmethod 14064 0x0000025031ee2c10 code [0x0000025031ee2de0, 0x0000025031ee2ff8]
Event: 389.867 Thread 0x0000025046c7a800 14066       3       org.gradle.api.internal.artifacts.dependencies.DefaultResolvedVersionConstraint::toRejectSelector (46 bytes)
Event: 389.868 Thread 0x0000025046c7a800 nmethod 14066 0x0000025031ee3110 code [0x0000025031ee3320, 0x0000025031ee38a8]
Event: 389.868 Thread 0x0000025046c7a800 14067       3       org.gradle.api.internal.artifacts.dependencies.DefaultResolvedVersionConstraint::isRejectAll (22 bytes)
Event: 389.868 Thread 0x0000025046c7a800 nmethod 14067 0x0000025031ee3a10 code [0x0000025031ee3be0, 0x0000025031ee3db8]
Event: 389.914 Thread 0x0000025046c7a800 14068       3       com.google.common.primitives.Longs::tryParse (235 bytes)
Event: 389.919 Thread 0x0000025046c7a800 nmethod 14068 0x0000025031ee3e90 code [0x0000025031ee4300, 0x0000025031ee6568]
Event: 390.076 Thread 0x0000025046c7a800 14069       3       org.gradle.internal.component.model.AttributeMatchingExplanationBuilder::candidateAttributeDoesNotMatch (1 bytes)
Event: 390.077 Thread 0x0000025046c7a800 nmethod 14069 0x0000025031ee7110 code [0x0000025031ee72c0, 0x0000025031ee73b8]
Event: 390.091 Thread 0x0000025046c7a800 14070       3       org.gradle.internal.snapshot.impl.IntegerValueSnapshot::equals (6 bytes)
Event: 390.092 Thread 0x0000025046c7a800 nmethod 14070 0x0000025031ee7490 code [0x0000025031ee7640, 0x0000025031ee7768]

GC Heap History (20 events):
Event: 74.488 GC heap before
{Heap before GC invocations=111 (full 0):
 garbage-first heap   total 192512K, used 159495K [0x0000000080000000, 0x0000000100000000)
  region size 1024K, 42 young (43008K), 6 survivors (6144K)
 Metaspace       used 104651K, capacity 107054K, committed 107312K, reserved 1142784K
  class space    used 13456K, capacity 14343K, committed 14464K, reserved 1048576K
}
Event: 74.509 GC heap after
{Heap after GC invocations=112 (full 0):
 garbage-first heap   total 192512K, used 126530K [0x0000000080000000, 0x0000000100000000)
  region size 1024K, 6 young (6144K), 6 survivors (6144K)
 Metaspace       used 104651K, capacity 107054K, committed 107312K, reserved 1142784K
  class space    used 13456K, capacity 14343K, committed 14464K, reserved 1048576K
}
Event: 76.758 GC heap before
{Heap before GC invocations=112 (full 0):
 garbage-first heap   total 192512K, used 160322K [0x0000000080000000, 0x0000000100000000)
  region size 1024K, 40 young (40960K), 6 survivors (6144K)
 Metaspace       used 106129K, capacity 108598K, committed 108720K, reserved 1142784K
  class space    used 13613K, capacity 14498K, committed 14592K, reserved 1048576K
}
Event: 76.786 GC heap after
{Heap after GC invocations=113 (full 0):
 garbage-first heap   total 192512K, used 128509K [0x0000000080000000, 0x0000000100000000)
  region size 1024K, 5 young (5120K), 5 survivors (5120K)
 Metaspace       used 106129K, capacity 108598K, committed 108720K, reserved 1142784K
  class space    used 13613K, capacity 14498K, committed 14592K, reserved 1048576K
}
Event: 80.255 GC heap before
{Heap before GC invocations=114 (full 0):
 garbage-first heap   total 192512K, used 162301K [0x0000000080000000, 0x0000000100000000)
  region size 1024K, 38 young (38912K), 5 survivors (5120K)
 Metaspace       used 110052K, capacity 112773K, committed 112944K, reserved 1146880K
  class space    used 14158K, capacity 15192K, committed 15232K, reserved 1048576K
}
Event: 80.269 GC heap after
{Heap after GC invocations=115 (full 0):
 garbage-first heap   total 192512K, used 129760K [0x0000000080000000, 0x0000000100000000)
  region size 1024K, 2 young (2048K), 2 survivors (2048K)
 Metaspace       used 110052K, capacity 112773K, committed 112944K, reserved 1146880K
  class space    used 14158K, capacity 15192K, committed 15232K, reserved 1048576K
}
Event: 81.771 GC heap before
{Heap before GC invocations=115 (full 0):
 garbage-first heap   total 192512K, used 162528K [0x0000000080000000, 0x0000000100000000)
  region size 1024K, 35 young (35840K), 2 survivors (2048K)
 Metaspace       used 111961K, capacity 114608K, committed 114736K, reserved 1148928K
  class space    used 14425K, capacity 15461K, committed 15488K, reserved 1048576K
}
Event: 81.780 GC heap after
{Heap after GC invocations=116 (full 0):
 garbage-first heap   total 192512K, used 130693K [0x0000000080000000, 0x0000000100000000)
  region size 1024K, 3 young (3072K), 3 survivors (3072K)
 Metaspace       used 111961K, capacity 114608K, committed 114736K, reserved 1148928K
  class space    used 14425K, capacity 15461K, committed 15488K, reserved 1048576K
}
Event: 82.609 GC heap before
{Heap before GC invocations=117 (full 0):
 garbage-first heap   total 192512K, used 164485K [0x0000000080000000, 0x0000000100000000)
  region size 1024K, 36 young (36864K), 3 survivors (3072K)
 Metaspace       used 114343K, capacity 117007K, committed 117424K, reserved 1150976K
  class space    used 14710K, capacity 15748K, committed 15872K, reserved 1048576K
}
Event: 82.621 GC heap after
{Heap after GC invocations=118 (full 0):
 garbage-first heap   total 192512K, used 131991K [0x0000000080000000, 0x0000000100000000)
  region size 1024K, 3 young (3072K), 3 survivors (3072K)
 Metaspace       used 114343K, capacity 117007K, committed 117424K, reserved 1150976K
  class space    used 14710K, capacity 15748K, committed 15872K, reserved 1048576K
}
Event: 83.673 GC heap before
{Heap before GC invocations=118 (full 0):
 garbage-first heap   total 192512K, used 154519K [0x0000000080000000, 0x0000000100000000)
  region size 1024K, 26 young (26624K), 3 survivors (3072K)
 Metaspace       used 115763K, capacity 118427K, committed 118832K, reserved 1153024K
  class space    used 14856K, capacity 15856K, committed 16000K, reserved 1048576K
}
Event: 83.685 GC heap after
{Heap after GC invocations=119 (full 0):
 garbage-first heap   total 192512K, used 134214K [0x0000000080000000, 0x0000000100000000)
  region size 1024K, 5 young (5120K), 5 survivors (5120K)
 Metaspace       used 115763K, capacity 118427K, committed 118832K, reserved 1153024K
  class space    used 14856K, capacity 15856K, committed 16000K, reserved 1048576K
}
Event: 85.106 GC heap before
{Heap before GC invocations=120 (full 0):
 garbage-first heap   total 192512K, used 135238K [0x0000000080000000, 0x0000000100000000)
  region size 1024K, 6 young (6144K), 5 survivors (5120K)
 Metaspace       used 115774K, capacity 118433K, committed 118832K, reserved 1153024K
  class space    used 14856K, capacity 15857K, committed 16000K, reserved 1048576K
}
Event: 85.118 GC heap after
{Heap after GC invocations=121 (full 0):
 garbage-first heap   total 192512K, used 134394K [0x0000000080000000, 0x0000000100000000)
  region size 1024K, 3 young (3072K), 3 survivors (3072K)
 Metaspace       used 115774K, capacity 118433K, committed 118832K, reserved 1153024K
  class space    used 14856K, capacity 15857K, committed 16000K, reserved 1048576K
}
Event: 88.908 GC heap before
{Heap before GC invocations=122 (full 0):
 garbage-first heap   total 192512K, used 138490K [0x0000000080000000, 0x0000000100000000)
  region size 1024K, 5 young (5120K), 3 survivors (3072K)
 Metaspace       used 115775K, capacity 118433K, committed 118832K, reserved 1153024K
  class space    used 14856K, capacity 15857K, committed 16000K, reserved 1048576K
}
Event: 88.916 GC heap after
{Heap after GC invocations=123 (full 0):
 garbage-first heap   total 192512K, used 134679K [0x0000000080000000, 0x0000000100000000)
  region size 1024K, 1 young (1024K), 1 survivors (1024K)
 Metaspace       used 115775K, capacity 118433K, committed 118832K, reserved 1153024K
  class space    used 14856K, capacity 15857K, committed 16000K, reserved 1048576K
}
Event: 95.983 GC heap before
{Heap before GC invocations=124 (full 0):
 garbage-first heap   total 192512K, used 156183K [0x0000000080000000, 0x0000000100000000)
  region size 1024K, 21 young (21504K), 1 survivors (1024K)
 Metaspace       used 116468K, capacity 119135K, committed 119344K, reserved 1153024K
  class space    used 14927K, capacity 15961K, committed 16000K, reserved 1048576K
}
Event: 95.996 GC heap after
{Heap after GC invocations=125 (full 0):
 garbage-first heap   total 192512K, used 135348K [0x0000000080000000, 0x0000000100000000)
  region size 1024K, 2 young (2048K), 2 survivors (2048K)
 Metaspace       used 116468K, capacity 119135K, committed 119344K, reserved 1153024K
  class space    used 14927K, capacity 15961K, committed 16000K, reserved 1048576K
}
Event: 384.396 GC heap before
{Heap before GC invocations=125 (full 0):
 garbage-first heap   total 192512K, used 156852K [0x0000000080000000, 0x0000000100000000)
  region size 1024K, 23 young (23552K), 2 survivors (2048K)
 Metaspace       used 117454K, capacity 120263K, committed 120496K, reserved 1153024K
  class space    used 15041K, capacity 16112K, committed 16128K, reserved 1048576K
}
Event: 384.483 GC heap after
{Heap after GC invocations=126 (full 0):
 garbage-first heap   total 192512K, used 136143K [0x0000000080000000, 0x0000000100000000)
  region size 1024K, 2 young (2048K), 2 survivors (2048K)
 Metaspace       used 117454K, capacity 120263K, committed 120496K, reserved 1153024K
  class space    used 15041K, capacity 16112K, committed 16128K, reserved 1048576K
}

Deoptimization events (20 events):
Event: 388.040 Thread 0x0000025047633800 Uncommon trap: trap_request=0xffffff4d fr.pc=0x0000025037d08624 relative=0x0000000000004ba4
Event: 388.040 Thread 0x0000025047633800 Uncommon trap: reason=unstable_if action=reinterpret pc=0x0000025037d08624 method=org.gradle.cache.internal.DefaultCrossBuildInMemoryCacheFactory$AbstractCrossBuildInMemoryCache.getIfPresentWithoutLock(Ljava/lang/Object;)Ljava/lang/Object; @ 24 c2
Event: 388.040 Thread 0x0000025047633800 DEOPT PACKING pc=0x0000025037d08624 sp=0x000000a758ff95c0
Event: 388.041 Thread 0x0000025047633800 DEOPT UNPACKING pc=0x000002502fad62a9 sp=0x000000a758ff9378 mode 2
Event: 388.156 Thread 0x0000025047633800 Uncommon trap: trap_request=0xffffff4d fr.pc=0x0000025037c86a1c relative=0x000000000000055c
Event: 388.156 Thread 0x0000025047633800 Uncommon trap: reason=unstable_if action=reinterpret pc=0x0000025037c86a1c method=com.google.common.collect.MapMakerInternalMap$Segment.getEntry(Ljava/lang/Object;I)Lcom/google/common/collect/MapMakerInternalMap$InternalEntry; @ 40 c2
Event: 388.156 Thread 0x0000025047633800 DEOPT PACKING pc=0x0000025037c86a1c sp=0x000000a758ff9ed0
Event: 388.156 Thread 0x0000025047633800 DEOPT UNPACKING pc=0x000002502fad62a9 sp=0x000000a758ff9ce0 mode 2
Event: 388.157 Thread 0x0000025047633800 Uncommon trap: trap_request=0xffffff4d fr.pc=0x0000025037c7bf84 relative=0x0000000000000364
Event: 388.157 Thread 0x0000025047633800 Uncommon trap: reason=unstable_if action=reinterpret pc=0x0000025037c7bf84 method=com.google.common.collect.MapMakerInternalMap$Segment.getEntry(Ljava/lang/Object;I)Lcom/google/common/collect/MapMakerInternalMap$InternalEntry; @ 40 c2
Event: 388.157 Thread 0x0000025047633800 DEOPT PACKING pc=0x0000025037c7bf84 sp=0x000000a758ff9e00
Event: 388.157 Thread 0x0000025047633800 DEOPT UNPACKING pc=0x000002502fad62a9 sp=0x000000a758ff9ce0 mode 2
Event: 388.763 Thread 0x0000025047633800 Uncommon trap: trap_request=0xffffffde fr.pc=0x0000025037db10b8 relative=0x0000000000001718
Event: 388.763 Thread 0x0000025047633800 Uncommon trap: reason=class_check action=maybe_recompile pc=0x0000025037db10b8 method=org.gradle.cache.internal.LockOnDemandCrossProcessCacheAccess.incrementLockCount()V @ 97 c2
Event: 388.763 Thread 0x0000025047633800 DEOPT PACKING pc=0x0000025037db10b8 sp=0x000000a758ff4420
Event: 388.763 Thread 0x0000025047633800 DEOPT UNPACKING pc=0x000002502fad62a9 sp=0x000000a758ff4420 mode 2
Event: 388.771 Thread 0x0000025047633800 Uncommon trap: trap_request=0xffffff4d fr.pc=0x0000025037d425a4 relative=0x0000000000000664
Event: 388.771 Thread 0x0000025047633800 Uncommon trap: reason=unstable_if action=reinterpret pc=0x0000025037d425a4 method=java.lang.ThreadLocal$ThreadLocalMap.remove(Ljava/lang/ThreadLocal;)V @ 26 c2
Event: 388.771 Thread 0x0000025047633800 DEOPT PACKING pc=0x0000025037d425a4 sp=0x000000a758ffa2b0
Event: 388.771 Thread 0x0000025047633800 DEOPT UNPACKING pc=0x000002502fad62a9 sp=0x000000a758ffa260 mode 2

Classes redefined (0 events):
No events

Internal exceptions (20 events):
Event: 96.860 Thread 0x0000025048d9f000 Exception <a 'java/lang/NoSuchMethodError'{0x000000008b954bf0}: <clinit>> (0x000000008b954bf0) thrown at [./src/hotspot/share/prims/jni.cpp, line 1362]
Event: 96.864 Thread 0x0000025048d9f000 Exception <a 'java/lang/NoSuchMethodError'{0x000000008b9787d8}: <clinit>> (0x000000008b9787d8) thrown at [./src/hotspot/share/prims/jni.cpp, line 1362]
Event: 96.872 Thread 0x0000025048d9f000 Exception <a 'java/lang/NoSuchMethodError'{0x000000008b9ac050}: <clinit>> (0x000000008b9ac050) thrown at [./src/hotspot/share/prims/jni.cpp, line 1362]
Event: 97.057 Thread 0x00000250492bd800 Exception <a 'java/lang/NoSuchMethodError'{0x000000008b5ce228}: <clinit>> (0x000000008b5ce228) thrown at [./src/hotspot/share/prims/jni.cpp, line 1362]
Event: 97.059 Thread 0x00000250492bd800 Exception <a 'java/lang/NoSuchMethodError'{0x000000008b5dfdd8}: <clinit>> (0x000000008b5dfdd8) thrown at [./src/hotspot/share/prims/jni.cpp, line 1362]
Event: 97.063 Thread 0x00000250492bd800 Exception <a 'java/lang/NoSuchMethodError'{0x000000008b5fa2d0}: <clinit>> (0x000000008b5fa2d0) thrown at [./src/hotspot/share/prims/jni.cpp, line 1362]
Event: 97.076 Thread 0x00000250492bd800 Exception <a 'java/lang/NoSuchMethodError'{0x000000008b417cd0}: <clinit>> (0x000000008b417cd0) thrown at [./src/hotspot/share/prims/jni.cpp, line 1362]
Event: 97.082 Thread 0x00000250492bd800 Exception <a 'java/lang/NoSuchMethodError'{0x000000008b427c58}: <clinit>> (0x000000008b427c58) thrown at [./src/hotspot/share/prims/jni.cpp, line 1362]
Event: 97.315 Thread 0x0000025048d9f000 Implicit null exception at 0x0000025037cb5faf to 0x0000025037cb5ffc
Event: 387.859 Thread 0x0000025047633800 Implicit null exception at 0x0000025037dfc952 to 0x0000025037dfea98
Event: 388.188 Thread 0x00000250492ba800 Exception <a 'sun/nio/fs/WindowsException'{0x000000008b93dd18}> (0x000000008b93dd18) thrown at [./src/hotspot/share/prims/jni.cpp, line 615]
Event: 388.255 Thread 0x00000250492ba800 Exception <a 'sun/nio/fs/WindowsException'{0x000000008b9dba60}> (0x000000008b9dba60) thrown at [./src/hotspot/share/prims/jni.cpp, line 615]
Event: 388.258 Thread 0x00000250492ba800 Exception <a 'sun/nio/fs/WindowsException'{0x000000008b9dbc00}> (0x000000008b9dbc00) thrown at [./src/hotspot/share/prims/jni.cpp, line 615]
Event: 388.332 Thread 0x0000025047633800 Exception <a 'java/lang/ClassNotFoundException'{0x000000008b841620}: sync_studio_tooling3030_bat7u5xvfmbcevf5f1re9u63aBeanInfo> (0x000000008b841620) thrown at [./src/hotspot/share/classfile/systemDictionary.cpp, line 231]
Event: 388.333 Thread 0x0000025047633800 Exception <a 'java/lang/ClassNotFoundException'{0x000000008b84ed10}: sync_studio_tooling3030_bat7u5xvfmbcevf5f1re9u63aCustomizer> (0x000000008b84ed10) thrown at [./src/hotspot/share/classfile/systemDictionary.cpp, line 231]
Event: 388.490 Thread 0x00000250492bb000 Exception <a 'sun/nio/fs/WindowsException'{0x000000008b8c2750}> (0x000000008b8c2750) thrown at [./src/hotspot/share/prims/jni.cpp, line 615]
Event: 388.547 Thread 0x00000250492bb000 Exception <a 'sun/nio/fs/WindowsException'{0x000000008b71e810}> (0x000000008b71e810) thrown at [./src/hotspot/share/prims/jni.cpp, line 615]
Event: 388.551 Thread 0x00000250492bb000 Exception <a 'sun/nio/fs/WindowsException'{0x000000008b71e9a0}> (0x000000008b71e9a0) thrown at [./src/hotspot/share/prims/jni.cpp, line 615]
Event: 388.619 Thread 0x0000025047633800 Exception <a 'java/lang/ClassNotFoundException'{0x000000008b793b38}: sync_studio_tooling3030_bat7u5xvfmbcevf5f1re9u63aBeanInfo> (0x000000008b793b38) thrown at [./src/hotspot/share/classfile/systemDictionary.cpp, line 231]
Event: 388.620 Thread 0x0000025047633800 Exception <a 'java/lang/ClassNotFoundException'{0x000000008b7a1538}: sync_studio_tooling3030_bat7u5xvfmbcevf5f1re9u63aCustomizer> (0x000000008b7a1538) thrown at [./src/hotspot/share/classfile/systemDictionary.cpp, line 231]

Events (20 events):
Event: 388.698 Executing VM operation: BulkRevokeBias
Event: 388.699 Executing VM operation: BulkRevokeBias done
Event: 388.720 Thread 0x000002504763a000 Thread added: 0x000002504763a000
Event: 388.748 Thread 0x0000025047635000 Thread added: 0x0000025047635000
Event: 388.781 Executing VM operation: RevokeBias
Event: 388.781 Executing VM operation: RevokeBias done
Event: 388.781 Executing VM operation: RevokeBias
Event: 388.781 Executing VM operation: RevokeBias done
Event: 388.784 Executing VM operation: RevokeBias
Event: 388.784 Executing VM operation: RevokeBias done
Event: 388.787 Executing VM operation: RevokeBias
Event: 388.787 Executing VM operation: RevokeBias done
Event: 388.788 Executing VM operation: RevokeBias
Event: 388.788 Executing VM operation: RevokeBias done
Event: 388.838 Executing VM operation: RevokeBias
Event: 388.838 Executing VM operation: RevokeBias done
Event: 388.846 Executing VM operation: RevokeBias
Event: 388.847 Executing VM operation: RevokeBias done
Event: 388.850 Executing VM operation: BulkRevokeBias
Event: 388.853 Executing VM operation: BulkRevokeBias done


Dynamic libraries:
0x00007ff6faf50000 - 0x00007ff6faf5a000 	D:\Alondra\programs\Android Studio\jre\bin\java.exe
0x00007ffe4b6d0000 - 0x00007ffe4b891000 	C:\Windows\SYSTEM32\ntdll.dll
0x00007ffe4b510000 - 0x00007ffe4b5bd000 	C:\Windows\system32\KERNEL32.DLL
0x00007ffe48170000 - 0x00007ffe48358000 	C:\Windows\system32\KERNELBASE.dll
0x00007ffe20650000 - 0x00007ffe20669000 	D:\Alondra\programs\Android Studio\jre\bin\jli.dll
0x00007ffe20630000 - 0x00007ffe20647000 	D:\Alondra\programs\Android Studio\jre\bin\VCRUNTIME140.dll
0x00007ffe46e90000 - 0x00007ffe46f84000 	C:\Windows\SYSTEM32\ucrtbase.dll
0x00007ffe48b70000 - 0x00007ffe48cc6000 	C:\Windows\system32\USER32.dll
0x00007ffe48ef0000 - 0x00007ffe49076000 	C:\Windows\system32\GDI32.dll
0x00007ffe33140000 - 0x00007ffe333b4000 	C:\Windows\WinSxS\amd64_microsoft.windows.common-controls_6595b64144ccf1df_6.0.10586.0_none_8c15ae12515e1c22\COMCTL32.dll
0x00007ffe48ad0000 - 0x00007ffe48b6d000 	C:\Windows\system32\msvcrt.dll
0x00007ffe49320000 - 0x00007ffe4959d000 	C:\Windows\system32\combase.dll
0x00007ffe49670000 - 0x00007ffe4978c000 	C:\Windows\system32\RPCRT4.dll
0x00007ffe480a0000 - 0x00007ffe4810a000 	C:\Windows\system32\bcryptPrimitives.dll
0x00007ffe4b5c0000 - 0x00007ffe4b5fb000 	C:\Windows\system32\IMM32.DLL
0x00007ffe198c0000 - 0x00007ffe1995d000 	D:\Alondra\programs\Android Studio\jre\bin\msvcp140.dll
0x00007ffe177f0000 - 0x00007ffe182c5000 	D:\Alondra\programs\Android Studio\jre\bin\server\jvm.dll
0x00007ffe49790000 - 0x00007ffe49837000 	C:\Windows\system32\ADVAPI32.dll
0x00007ffe495a0000 - 0x00007ffe495fb000 	C:\Windows\system32\sechost.dll
0x00007ffe49310000 - 0x00007ffe49318000 	C:\Windows\system32\PSAPI.DLL
0x00007ffe45d40000 - 0x00007ffe45d63000 	C:\Windows\SYSTEM32\WINMM.dll
0x00007ffe36fa0000 - 0x00007ffe36faa000 	C:\Windows\SYSTEM32\VERSION.dll
0x00007ffe381d0000 - 0x00007ffe381d9000 	C:\Windows\SYSTEM32\WSOCK32.dll
0x00007ffe49600000 - 0x00007ffe4966b000 	C:\Windows\system32\WS2_32.dll
0x000002502bf60000 - 0x000002502bf8c000 	C:\Windows\SYSTEM32\WINMMBASE.dll
0x00007ffe489d0000 - 0x00007ffe48a13000 	C:\Windows\system32\cfgmgr32.dll
0x00007ffe47d70000 - 0x00007ffe47d7f000 	C:\Windows\system32\kernel.appcore.dll
0x00007ffe41b40000 - 0x00007ffe41b51000 	D:\Alondra\programs\Android Studio\jre\bin\verify.dll
0x00007ffe452d0000 - 0x00007ffe4545c000 	C:\Windows\SYSTEM32\DBGHELP.DLL
0x00007ffe2d040000 - 0x00007ffe2d065000 	C:\Windows\SYSTEM32\dbgcore.DLL
0x00007ffe30a20000 - 0x00007ffe30a49000 	D:\Alondra\programs\Android Studio\jre\bin\java.dll
0x00007ffe44e00000 - 0x00007ffe44e0b000 	D:\Alondra\programs\Android Studio\jre\bin\jimage.dll
0x00007ffe35e10000 - 0x00007ffe35e28000 	D:\Alondra\programs\Android Studio\jre\bin\zip.dll
0x00007ffe49f50000 - 0x00007ffe4b4af000 	C:\Windows\system32\SHELL32.dll
0x00007ffe48380000 - 0x00007ffe489c4000 	C:\Windows\system32\windows.storage.dll
0x00007ffe4b4b0000 - 0x00007ffe4b502000 	C:\Windows\system32\shlwapi.dll
0x00007ffe47fe0000 - 0x00007ffe48095000 	C:\Windows\system32\shcore.dll
0x00007ffe47d00000 - 0x00007ffe47d4b000 	C:\Windows\system32\powrprof.dll
0x00007ffe47d50000 - 0x00007ffe47d64000 	C:\Windows\system32\profapi.dll
0x00007ffe325a0000 - 0x00007ffe325ba000 	D:\Alondra\programs\Android Studio\jre\bin\net.dll
0x00007ffe44250000 - 0x00007ffe44318000 	C:\Windows\SYSTEM32\WINHTTP.dll
0x00007ffe475c0000 - 0x00007ffe4761c000 	C:\Windows\system32\mswsock.dll
0x00007ffe2a0d0000 - 0x00007ffe2a0e4000 	D:\Alondra\programs\Android Studio\jre\bin\nio.dll
0x00007ffe1c840000 - 0x00007ffe1c867000 	D:\Alondra\AndroidStudioProjects\native\e1d6ef7f7dcc3fd88c89a11ec53ec762bb8ba0a96d01ffa2cd45eb1d1d8dd5c5\windows-amd64\native-platform.dll
0x00007ffe43440000 - 0x00007ffe4344a000 	D:\Alondra\programs\Android Studio\jre\bin\management.dll
0x00007ffe41ea0000 - 0x00007ffe41ead000 	D:\Alondra\programs\Android Studio\jre\bin\management_ext.dll
0x00007ffe47670000 - 0x00007ffe47687000 	C:\Windows\SYSTEM32\CRYPTSP.dll
0x00007ffe47300000 - 0x00007ffe47334000 	C:\Windows\system32\rsaenh.dll
0x00007ffe47c20000 - 0x00007ffe47c49000 	C:\Windows\SYSTEM32\bcrypt.dll
0x00007ffe47450000 - 0x00007ffe4746f000 	C:\Windows\SYSTEM32\USERENV.dll
0x00007ffe47790000 - 0x00007ffe4779b000 	C:\Windows\SYSTEM32\CRYPTBASE.dll
0x00007ffe432e0000 - 0x00007ffe43318000 	C:\Windows\SYSTEM32\IPHLPAPI.DLL
0x00007ffe491d0000 - 0x00007ffe491d8000 	C:\Windows\system32\NSI.dll
0x00007ffe42a50000 - 0x00007ffe42a66000 	C:\Windows\SYSTEM32\dhcpcsvc6.DLL
0x00007ffe42a20000 - 0x00007ffe42a3a000 	C:\Windows\SYSTEM32\dhcpcsvc.DLL
0x00007ffe285d0000 - 0x00007ffe285f7000 	D:\Alondra\programs\Android Studio\jre\bin\sunec.dll
0x00007ffe46670000 - 0x00007ffe4671a000 	C:\Windows\SYSTEM32\DNSAPI.dll
0x00007ffe38750000 - 0x00007ffe3875a000 	C:\Windows\System32\rasadhlp.dll
0x00007ffe431a0000 - 0x00007ffe43207000 	C:\Windows\System32\fwpuclnt.dll

dbghelp: loaded successfully - version: 4.0.5 - missing functions: none
symbol engine: initialized successfully - sym options: 0x614 - pdb path: .;D:\Alondra\programs\Android Studio\jre\bin;C:\Windows\SYSTEM32;C:\Windows\WinSxS\amd64_microsoft.windows.common-controls_6595b64144ccf1df_6.0.10586.0_none_8c15ae12515e1c22;D:\Alondra\programs\Android Studio\jre\bin\server;D:\Alondra\AndroidStudioProjects\native\e1d6ef7f7dcc3fd88c89a11ec53ec762bb8ba0a96d01ffa2cd45eb1d1d8dd5c5\windows-amd64

VM Arguments:
jvm_args: --add-opens=java.base/java.util=ALL-UNNAMED --add-opens=java.base/java.lang=ALL-UNNAMED --add-opens=java.base/java.lang.invoke=ALL-UNNAMED --add-opens=java.base/java.util=ALL-UNNAMED --add-opens=java.prefs/java.util.prefs=ALL-UNNAMED --add-opens=java.prefs/java.util.prefs=ALL-UNNAMED --add-opens=java.base/java.nio.charset=ALL-UNNAMED --add-opens=java.base/java.net=ALL-UNNAMED --add-opens=java.base/java.util.concurrent.atomic=ALL-UNNAMED -Xmx2048m -Dfile.encoding=UTF-8 -Duser.country=419 -Duser.language=es -Duser.variant 
java_command: org.gradle.launcher.daemon.bootstrap.GradleDaemon 7.2
java_class_path (initial): D:\Alondra\AndroidStudioProjects\wrapper\dists\gradle-7.2-bin\2dnblmf4td7x66yl1d74lt32g\gradle-7.2\lib\gradle-launcher-7.2.jar
Launcher Type: SUN_STANDARD

[Global flags]
     intx CICompilerCount                          = 3                                         {product} {ergonomic}
     uint ConcGCThreads                            = 1                                         {product} {ergonomic}
     uint G1ConcRefinementThreads                  = 4                                         {product} {ergonomic}
   size_t G1HeapRegionSize                         = 1048576                                   {product} {ergonomic}
    uintx GCDrainStackTargetSize                   = 64                                        {product} {ergonomic}
   size_t InitialHeapSize                          = 65011712                                  {product} {ergonomic}
   size_t MarkStackSize                            = 4194304                                   {product} {ergonomic}
   size_t MaxHeapSize                              = 2147483648                                {product} {command line}
   size_t MaxNewSize                               = 1287651328                                {product} {ergonomic}
   size_t MinHeapDeltaBytes                        = 1048576                                   {product} {ergonomic}
    uintx NonNMethodCodeHeapSize                   = 5830732                                {pd product} {ergonomic}
    uintx NonProfiledCodeHeapSize                  = 122913754                              {pd product} {ergonomic}
    uintx ProfiledCodeHeapSize                     = 122913754                              {pd product} {ergonomic}
    uintx ReservedCodeCacheSize                    = 251658240                              {pd product} {ergonomic}
     bool SegmentedCodeCache                       = true                                      {product} {ergonomic}
     bool UseCompressedClassPointers               = true                                 {lp64_product} {ergonomic}
     bool UseCompressedOops                        = true                                 {lp64_product} {ergonomic}
     bool UseG1GC                                  = true                                      {product} {ergonomic}
     bool UseLargePagesIndividualAllocation        = false                                  {pd product} {ergonomic}

Logging:
Log output configuration:
 #0: stdout all=warning uptime,level,tags
 #1: stderr all=off uptime,level,tags

Environment Variables:
JAVA_HOME=D:\Alondra\programs\java\jdk1.8.0_281
PATH=D:\Alondra\programs\python39\Scripts\;D:\Alondra\programs\python39\;C:\Python39\Scripts\;C:\Python39\;C:\Program Files (x86)\Common Files\Oracle\Java\javapath;C:\Windows\system32;C:\Windows;C:\Windows\System32\Wbem;C:\Windows\System32\WindowsPowerShell\v1.0\;C:\Users\Alondra\AppData\Local\Programs\Python\Python39;C:\Users\Alondra\AppData\Local\Programs\Python\Python39\Scripts;C:\Program Files\dotnet\;D:\Alondra\programs\Brackets\command;D:\Alondra\programs\java\jdk1.8.0_281\bin;D:\Alondra\programs\nodejs\;C:\ProgramData\chocolatey\bin;D:\Alondra\programs\Git\cmd;D:\Alondra\programs\PuTTY\;C:\Users\Alondra\AppData\Roaming\Python\Python39\Scripts;C:\Users\Alondra\AppData\Roaming\Python\Python39;D:\Alondra\programs\PostgreSQL\13\bin;D:\Alondra\7° SEMESTRE\4.Lenguajes y Automatas ll\javacc-javacc-7.0.10\scripts;D:\Alondra\7° SEMESTRE\4.Lenguajes y Automatas ll\javacc-javacc-7.0.10\bin;D:\Alondra\programs\XAMPP\php;D:\Alondra\programs\ComposerSetup;D:\Alondra\programs\Pyhon\Scripts\;D:\Alondra\programs\Pyhon\;D:\Alondra\programs\Microsoft VS Code\bin;D:\Alondra\descargas D\curl_7_53_1_openssl_nghttp2_x64;C:\Users\Alondra\.dotnet\tools;C:\Users\Alondra\AppData\Roaming\npm;D:\Alondra\programs\Nmap;C:\Users\Alondra\AppData\Roaming\Python\Python39\Scripts;C:\Users\Alondra\AppData\Roaming\Python\Python39;D:\Alondra\programs\PostgreSQL\13\bin;C:\Users\Alondra\AppData\Roaming\Composer\vendor\bin
USERNAME=Alondra
OS=Windows_NT
PROCESSOR_IDENTIFIER=Intel64 Family 6 Model 92 Stepping 9, GenuineIntel



---------------  S Y S T E M  ---------------

OS: Windows 10 , 64 bit Build 10586 (10.0.10586.0)
OS uptime: 1 days 4:37 hours

CPU:total 4 (initial active 4) (4 cores per cpu, 1 threads per core) family 6 model 92 stepping 9 microcode 0x2a, cmov, cx8, fxsr, mmx, sse, sse2, sse3, ssse3, sse4.1, sse4.2, popcnt, aes, clmul, erms, 3dnowpref, tsc, tscinvbit, sha

Memory: 4k page, system-wide physical 3928M (437M free)
TotalPageFile size 4917M (AvailPageFile size 6M)
current process WorkingSet (physical memory assigned to process): 290M, peak: 499M
current process commit charge ("private bytes"): 518M, peak: 525M

vm_info: OpenJDK 64-Bit Server VM (11.0.11+9-b60-7590822) for windows-amd64 JRE (11.0.11+9-b60-7590822), built on Jul 29 2021 21:43:44 by "builder" with MS VC++ 14.0 (VS2015)

END.
